1599041219842	geckodriver	INFO	Listening on 127.0.0.1:35911
1599041236690	geckodriver	INFO	Listening on 127.0.0.1:37289
1599041340193	geckodriver	INFO	Listening on 127.0.0.1:45179
1599041722507	geckodriver	INFO	Listening on 127.0.0.1:53765
1599042285235	geckodriver	INFO	Listening on 127.0.0.1:51623
1599118984035	geckodriver	INFO	Listening on 127.0.0.1:36141
1599218990453	geckodriver	INFO	Listening on 127.0.0.1:33903
1599218990461	mozrunner::runner	INFO	Running command: "/usr/bin/firefox" "--marionette" "-foreground" "-no-remote" "-profile" "/tmp/rust_mozprofilefnlCmY"
console.error: SearchCache: "_readCacheFile: Error reading cache file:" (new Error("", "(unknown module)"))
JavaScript error: resource://gre/modules/TelemetryUtils.jsm, line 159: TypeError: date is undefined
1599218994272	Marionette	INFO	Listening on port 39169
1599218994324	Marionette	WARN	TLS certificate errors will be ignored for this session
1599219032630	geckodriver	INFO	Listening on 127.0.0.1:33799
1599219032637	mozrunner::runner	INFO	Running command: "/usr/bin/firefox" "--marionette" "-foreground" "-no-remote" "-profile" "/tmp/rust_mozprofileFRNoAd"
console.error: SearchCache: "_readCacheFile: Error reading cache file:" (new Error("", "(unknown module)"))
JavaScript error: resource://gre/modules/TelemetryUtils.jsm, line 159: TypeError: date is undefined
1599219036498	Marionette	INFO	Listening on port 37075
1599219036550	Marionette	WARN	TLS certificate errors will be ignored for this session
1599219070229	Marionette	INFO	Stopped listening on port 37075
1599219074751	geckodriver	INFO	Listening on 127.0.0.1:46859
1599219074758	mozrunner::runner	INFO	Running command: "/usr/bin/firefox" "--marionette" "-foreground" "-no-remote" "-profile" "/tmp/rust_mozprofileOq4Zoj"
console.error: SearchCache: "_readCacheFile: Error reading cache file:" (new Error("", "(unknown module)"))
JavaScript error: resource://gre/modules/TelemetryUtils.jsm, line 159: TypeError: date is undefined
1599219078379	Marionette	INFO	Listening on port 33749
1599219078474	Marionette	WARN	TLS certificate errors will be ignored for this session
1599219117645	geckodriver	INFO	Listening on 127.0.0.1:56515
1599219117652	mozrunner::runner	INFO	Running command: "/usr/bin/firefox" "--marionette" "-foreground" "-no-remote" "-profile" "/tmp/rust_mozprofileAEzACH"
console.error: SearchCache: "_readCacheFile: Error reading cache file:" (new Error("", "(unknown module)"))
JavaScript error: resource://gre/modules/TelemetryUtils.jsm, line 159: TypeError: date is undefined
1599219121250	Marionette	INFO	Listening on port 34913
1599219121343	Marionette	WARN	TLS certificate errors will be ignored for this session
1599219192555	geckodriver	INFO	Listening on 127.0.0.1:41987
1599219192562	mozrunner::runner	INFO	Running command: "/usr/bin/firefox" "--marionette" "-foreground" "-no-remote" "-profile" "/tmp/rust_mozprofilebwBJhE"
console.error: SearchCache: "_readCacheFile: Error reading cache file:" (new Error("", "(unknown module)"))
JavaScript error: resource://gre/modules/TelemetryUtils.jsm, line 159: TypeError: date is undefined
1599219196714	Marionette	INFO	Listening on port 37399
1599219196787	Marionette	WARN	TLS certificate errors will be ignored for this session
1599219199495	Marionette	INFO	Stopped listening on port 37399
1599219201080	Marionette	INFO	Stopped listening on port 34913
1599219422054	geckodriver	INFO	Listening on 127.0.0.1:45165
1599219422059	mozrunner::runner	INFO	Running command: "/usr/bin/firefox" "--marionette" "-foreground" "-no-remote" "-profile" "/tmp/rust_mozprofile2XB8RT"
console.error: SearchCache: "_readCacheFile: Error reading cache file:" (new Error("", "(unknown module)"))
JavaScript error: resource://gre/modules/TelemetryUtils.jsm, line 159: TypeError: date is undefined
1599219425912	Marionette	INFO	Listening on port 33163
1599219425975	Marionette	WARN	TLS certificate errors will be ignored for this session
1599219429827	Marionette	INFO	Stopped listening on port 33163
1599220001101	geckodriver	INFO	Listening on 127.0.0.1:57113
1599220001111	mozrunner::runner	INFO	Running command: "/usr/bin/firefox" "--marionette" "-foreground" "-no-remote" "-profile" "/tmp/rust_mozprofileIliZSZ"
console.error: SearchCache: "_readCacheFile: Error reading cache file:" (new Error("", "(unknown module)"))
JavaScript error: resource://gre/modules/TelemetryUtils.jsm, line 159: TypeError: date is undefined
1599220004804	Marionette	INFO	Listening on port 34537
1599220004826	Marionette	WARN	TLS certificate errors will be ignored for this session
1599220008553	Marionette	INFO	Stopped listening on port 34537
1599220360606	geckodriver	INFO	Listening on 127.0.0.1:36335
1599220360613	mozrunner::runner	INFO	Running command: "/usr/bin/firefox" "--marionette" "-foreground" "-no-remote" "-profile" "/tmp/rust_mozprofileDwCHUd"
console.error: SearchCache: "_readCacheFile: Error reading cache file:" (new Error("", "(unknown module)"))
JavaScript error: resource://gre/modules/TelemetryUtils.jsm, line 159: TypeError: date is undefined
1599220364146	Marionette	INFO	Listening on port 42573
1599220364228	Marionette	WARN	TLS certificate errors will be ignored for this session
1599220369021	Marionette	INFO	Stopped listening on port 42573
1599220625246	Marionette	INFO	Stopped listening on port 33749
1599220625897	Marionette	INFO	Stopped listening on port 39169
1599220928920	geckodriver	INFO	Listening on 127.0.0.1:58955
1599220928929	mozrunner::runner	INFO	Running command: "/usr/bin/firefox" "--marionette" "-foreground" "-no-remote" "-profile" "/tmp/rust_mozprofilewIfAio"
console.error: SearchCache: "_readCacheFile: Error reading cache file:" (new Error("", "(unknown module)"))
JavaScript error: resource://gre/modules/TelemetryUtils.jsm, line 159: TypeError: date is undefined
1599220932727	Marionette	INFO	Listening on port 35151
1599220932743	Marionette	WARN	TLS certificate errors will be ignored for this session
1599220951755	geckodriver	INFO	Listening on 127.0.0.1:40085
1599220951761	mozrunner::runner	INFO	Running command: "/usr/bin/firefox" "--marionette" "-foreground" "-no-remote" "-profile" "/tmp/rust_mozprofileyyq6AO"
console.error: SearchCache: "_readCacheFile: Error reading cache file:" (new Error("", "(unknown module)"))
JavaScript error: resource://gre/modules/TelemetryUtils.jsm, line 159: TypeError: date is undefined
1599220955117	Marionette	INFO	Listening on port 42997
1599220955175	Marionette	WARN	TLS certificate errors will be ignored for this session
1599220957000	Marionette	INFO	Stopped listening on port 35151
1599220984098	Marionette	INFO	Stopped listening on port 42997
1599223199004	geckodriver	INFO	Listening on 127.0.0.1:35367
1599223200011	mozrunner::runner	INFO	Running command: "/usr/bin/firefox" "--marionette" "-foreground" "-no-remote" "-profile" "/tmp/rust_mozprofilepOBLRW"
console.error: SearchCache: "_readCacheFile: Error reading cache file:" (new Error("", "(unknown module)"))
JavaScript error: resource://gre/modules/TelemetryUtils.jsm, line 159: TypeError: date is undefined
1599223204494	Marionette	INFO	Listening on port 37193
1599223204550	Marionette	WARN	TLS certificate errors will be ignored for this session
1599223443596	Marionette	INFO	Stopped listening on port 37193
1599551313287	geckodriver	INFO	Listening on 127.0.0.1:42763
1599551314298	mozrunner::runner	INFO	Running command: "/usr/bin/firefox" "--marionette" "-foreground" "-no-remote" "-profile" "/tmp/rust_mozprofile9aRh5i"
console.error: SearchCache: "_readCacheFile: Error reading cache file:" (new Error("", "(unknown module)"))
JavaScript error: resource://gre/modules/TelemetryUtils.jsm, line 159: TypeError: date is undefined
1599551318080	Marionette	INFO	Listening on port 40293
1599551318118	Marionette	WARN	TLS certificate errors will be ignored for this session
1599551324220	Marionette	INFO	Stopped listening on port 40293
1599551627462	geckodriver	INFO	Listening on 127.0.0.1:42217
1599551627470	mozrunner::runner	INFO	Running command: "/usr/bin/firefox" "--marionette" "-foreground" "-no-remote" "-profile" "/tmp/rust_mozprofilexIPTYU"
console.error: SearchCache: "_readCacheFile: Error reading cache file:" (new Error("", "(unknown module)"))
JavaScript error: resource://gre/modules/TelemetryUtils.jsm, line 159: TypeError: date is undefined
1599551630764	Marionette	INFO	Listening on port 37169
1599551630781	Marionette	WARN	TLS certificate errors will be ignored for this session
console.error: Region.jsm: "Error fetching region" (new AbortError("The operation was aborted. ", (void 0), 689))
console.error: Region.jsm: "Failed to fetch region" (new Error("NO_RESULT", "resource://gre/modules/Region.jsm", 343))
1599551673582	Marionette	INFO	Stopped listening on port 37169
1599566745725	geckodriver	INFO	Listening on 127.0.0.1:56609
1599566746728	mozrunner::runner	INFO	Running command: "/usr/bin/firefox" "--marionette" "-foreground" "-no-remote" "-profile" "/tmp/rust_mozprofileMgStEK"
console.error: SearchCache: "_readCacheFile: Error reading cache file:" (new Error("", "(unknown module)"))
JavaScript error: resource://gre/modules/TelemetryUtils.jsm, line 159: TypeError: date is undefined
1599566751179	Marionette	INFO	Listening on port 42487
1599566751250	Marionette	WARN	TLS certificate errors will be ignored for this session
1599566933521	geckodriver	INFO	Listening on 127.0.0.1:56093
1599566933532	mozrunner::runner	INFO	Running command: "/usr/bin/firefox" "--marionette" "-foreground" "-no-remote" "-profile" "/tmp/rust_mozprofileVZwgUc"
console.error: SearchCache: "_readCacheFile: Error reading cache file:" (new Error("", "(unknown module)"))
JavaScript error: resource://gre/modules/TelemetryUtils.jsm, line 159: TypeError: date is undefined
1599566937002	Marionette	INFO	Listening on port 34663
1599566937049	Marionette	WARN	TLS certificate errors will be ignored for this session
console.error: services.settings: 
  main/message-groups Signature failed  TypeError: NetworkError when attempting to fetch resource.
1599566945613	Marionette	INFO	Stopped listening on port 34663
1599567257875	geckodriver	INFO	Listening on 127.0.0.1:43319
1599567257883	mozrunner::runner	INFO	Running command: "/usr/bin/firefox" "--marionette" "-foreground" "-no-remote" "-profile" "/tmp/rust_mozprofilewRwthW"
console.error: SearchCache: "_readCacheFile: Error reading cache file:" (new Error("", "(unknown module)"))
JavaScript error: resource://gre/modules/TelemetryUtils.jsm, line 159: TypeError: date is undefined
1599567261037	Marionette	INFO	Listening on port 45891
1599567261100	Marionette	WARN	TLS certificate errors will be ignored for this session
console.error: services.settings: 
  main/message-groups Signature failed  TypeError: NetworkError when attempting to fetch resource.
console.error: services.settings: 
  main/messaging-experiments Signature failed  TypeError: NetworkError when attempting to fetch resource.
console.error: services.settings: 
  main/partitioning-exempt-urls Signature failed  TypeError: NetworkError when attempting to fetch resource.
1599567267200	Marionette	INFO	Stopped listening on port 45891
1599567273769	Marionette	INFO	Stopped listening on port 42487
1599567576776	geckodriver	INFO	Listening on 127.0.0.1:41157
1599567576782	mozrunner::runner	INFO	Running command: "/usr/bin/firefox" "--marionette" "-foreground" "-no-remote" "-profile" "/tmp/rust_mozprofileUOOmIk"
console.error: SearchCache: "_readCacheFile: Error reading cache file:" (new Error("", "(unknown module)"))
JavaScript error: resource://gre/modules/TelemetryUtils.jsm, line 159: TypeError: date is undefined
1599567580656	Marionette	INFO	Listening on port 33063
1599567580716	Marionette	WARN	TLS certificate errors will be ignored for this session
1599567601377	geckodriver	INFO	Listening on 127.0.0.1:54205
1599567601384	mozrunner::runner	INFO	Running command: "/usr/bin/firefox" "--marionette" "-foreground" "-no-remote" "-profile" "/tmp/rust_mozprofileSt3zA6"
console.error: SearchCache: "_readCacheFile: Error reading cache file:" (new Error("", "(unknown module)"))
JavaScript error: resource://gre/modules/TelemetryUtils.jsm, line 159: TypeError: date is undefined
1599567605377	Marionette	INFO	Listening on port 46783
1599567605424	Marionette	WARN	TLS certificate errors will be ignored for this session
console.error: Region.jsm: "Error fetching region" (new AbortError("The operation was aborted. ", (void 0), 689))
console.error: Region.jsm: "Failed to fetch region" (new Error("NO_RESULT", "resource://gre/modules/Region.jsm", 343))
1599567640313	Marionette	INFO	Stopped listening on port 33063
1599567753026	Marionette	INFO	Stopped listening on port 46783
1599567904426	geckodriver	INFO	Listening on 127.0.0.1:48049
1599567904434	mozrunner::runner	INFO	Running command: "/usr/bin/firefox" "--marionette" "-foreground" "-no-remote" "-profile" "/tmp/rust_mozprofilew7RCPA"
console.error: SearchCache: "_readCacheFile: Error reading cache file:" (new Error("", "(unknown module)"))
JavaScript error: resource://gre/modules/TelemetryUtils.jsm, line 159: TypeError: date is undefined
1599567907866	Marionette	INFO	Listening on port 32821
1599567907966	Marionette	WARN	TLS certificate errors will be ignored for this session
1599568158141	Marionette	INFO	Stopped listening on port 32821
1599568161288	geckodriver	INFO	Listening on 127.0.0.1:40299
1599568162297	mozrunner::runner	INFO	Running command: "/usr/bin/firefox" "--marionette" "-foreground" "-no-remote" "-profile" "/tmp/rust_mozprofileqMPV3X"
console.error: SearchCache: "_readCacheFile: Error reading cache file:" (new Error("", "(unknown module)"))
JavaScript error: resource://gre/modules/TelemetryUtils.jsm, line 159: TypeError: date is undefined
1599568166070	Marionette	INFO	Listening on port 35743
1599568166112	Marionette	WARN	TLS certificate errors will be ignored for this session
console.error: Region.jsm: "Error fetching region" (new AbortError("The operation was aborted. ", (void 0), 689))
console.error: Region.jsm: "Failed to fetch region" (new Error("NO_RESULT", "resource://gre/modules/Region.jsm", 343))
1599568313218	geckodriver	INFO	Listening on 127.0.0.1:50081
1599568313224	mozrunner::runner	INFO	Running command: "/usr/bin/firefox" "--marionette" "-foreground" "-no-remote" "-profile" "/tmp/rust_mozprofileztLHvO"
console.error: SearchCache: "_readCacheFile: Error reading cache file:" (new Error("", "(unknown module)"))
JavaScript error: resource://gre/modules/TelemetryUtils.jsm, line 159: TypeError: date is undefined
1599568317170	Marionette	INFO	Listening on port 35675
1599568317248	Marionette	WARN	TLS certificate errors will be ignored for this session
1599568319072	Marionette	INFO	Stopped listening on port 35743
1599568409828	geckodriver	INFO	Listening on 127.0.0.1:59013
1599568409837	mozrunner::runner	INFO	Running command: "/usr/bin/firefox" "--marionette" "-foreground" "-no-remote" "-profile" "/tmp/rust_mozprofilePPlECL"
console.error: SearchCache: "_readCacheFile: Error reading cache file:" (new Error("", "(unknown module)"))
JavaScript error: resource://gre/modules/TelemetryUtils.jsm, line 159: TypeError: date is undefined
1599568414456	Marionette	INFO	Listening on port 42575
1599568414478	Marionette	WARN	TLS certificate errors will be ignored for this session
1599568422960	Marionette	INFO	Stopped listening on port 42575
1599568700019	geckodriver	INFO	Listening on 127.0.0.1:52255
1599568700025	mozrunner::runner	INFO	Running command: "/usr/bin/firefox" "--marionette" "-foreground" "-no-remote" "-profile" "/tmp/rust_mozprofileoeQcFW"
1599568702450	Marionette	INFO	Stopped listening on port 35675
console.error: SearchCache: "_readCacheFile: Error reading cache file:" (new Error("", "(unknown module)"))
JavaScript error: resource://gre/modules/TelemetryUtils.jsm, line 159: TypeError: date is undefined
1599568704168	Marionette	INFO	Listening on port 40767
1599568704243	Marionette	WARN	TLS certificate errors will be ignored for this session
1599568742900	geckodriver	INFO	Listening on 127.0.0.1:41385
1599568742908	mozrunner::runner	INFO	Running command: "/usr/bin/firefox" "--marionette" "-foreground" "-no-remote" "-profile" "/tmp/rust_mozprofileloA2NS"
console.error: SearchCache: "_readCacheFile: Error reading cache file:" (new Error("", "(unknown module)"))
JavaScript error: resource://gre/modules/TelemetryUtils.jsm, line 159: TypeError: date is undefined
1599568746674	Marionette	INFO	Listening on port 35857
1599568746729	Marionette	WARN	TLS certificate errors will be ignored for this session
1599568747784	Marionette	INFO	Stopped listening on port 40767

###!!! [Parent][RunMessage] Error: Channel closing: too late to send/recv, messages will be lost

1599568750734	Marionette	INFO	Stopped listening on port 35857
1599568776404	geckodriver	INFO	Listening on 127.0.0.1:47179
1599568776412	mozrunner::runner	INFO	Running command: "/usr/bin/firefox" "--marionette" "-foreground" "-no-remote" "-profile" "/tmp/rust_mozprofileZcQ3l1"
console.error: SearchCache: "_readCacheFile: Error reading cache file:" (new Error("", "(unknown module)"))
JavaScript error: resource://gre/modules/TelemetryUtils.jsm, line 159: TypeError: date is undefined
1599568780198	Marionette	INFO	Listening on port 37963
1599568780229	Marionette	WARN	TLS certificate errors will be ignored for this session
1599568783226	Marionette	INFO	Stopped listening on port 37963
console.error: services.settings: 
  main/fxmonitor-breaches Signature failed  TypeError: NetworkError when attempting to fetch resource.
console.error: services.settings: 
  main/partitioning-exempt-urls Signature failed  TypeError: NetworkError when attempting to fetch resource.
console.error: services.settings: 
  main/messaging-experiments Signature failed  TypeError: NetworkError when attempting to fetch resource.
console.error: services.settings: 
  main/message-groups Signature failed  TypeError: NetworkError when attempting to fetch resource.
1599569174648	geckodriver	INFO	Listening on 127.0.0.1:33729
1599569174654	mozrunner::runner	INFO	Running command: "/usr/bin/firefox" "--marionette" "-foreground" "-no-remote" "-profile" "/tmp/rust_mozprofilehsE3yn"
console.error: SearchCache: "_readCacheFile: Error reading cache file:" (new Error("", "(unknown module)"))
JavaScript error: resource://gre/modules/TelemetryUtils.jsm, line 159: TypeError: date is undefined
1599569177798	Marionette	INFO	Listening on port 38995
1599569177869	Marionette	WARN	TLS certificate errors will be ignored for this session
1599569194196	geckodriver	INFO	Listening on 127.0.0.1:50019
1599569194203	mozrunner::runner	INFO	Running command: "/usr/bin/firefox" "--marionette" "-foreground" "-no-remote" "-profile" "/tmp/rust_mozprofilexa2NYK"
console.error: SearchCache: "_readCacheFile: Error reading cache file:" (new Error("", "(unknown module)"))
JavaScript error: resource://gre/modules/TelemetryUtils.jsm, line 159: TypeError: date is undefined
1599569197378	Marionette	INFO	Listening on port 43737
1599569197429	Marionette	WARN	TLS certificate errors will be ignored for this session
1599569461727	geckodriver	INFO	Listening on 127.0.0.1:38775
1599569461733	mozrunner::runner	INFO	Running command: "/usr/bin/firefox" "--marionette" "-foreground" "-no-remote" "-profile" "/tmp/rust_mozprofilexzp1FE"
console.error: SearchCache: "_readCacheFile: Error reading cache file:" (new Error("", "(unknown module)"))
JavaScript error: resource://gre/modules/TelemetryUtils.jsm, line 159: TypeError: date is undefined
1599569465785	Marionette	INFO	Listening on port 38819
1599569465852	Marionette	WARN	TLS certificate errors will be ignored for this session
1599569478041	Marionette	INFO	Stopped listening on port 38819

###!!! [Parent][RunMessage] Error: Channel closing: too late to send/recv, messages will be lost

1599569478537	Marionette	INFO	Stopped listening on port 43737
1599569482551	Marionette	INFO	Stopped listening on port 38995
1599569738492	geckodriver	INFO	Listening on 127.0.0.1:44137
1599569738501	mozrunner::runner	INFO	Running command: "/usr/bin/firefox" "--marionette" "-foreground" "-no-remote" "-profile" "/tmp/rust_mozprofile8EVw2S"
console.error: SearchCache: "_readCacheFile: Error reading cache file:" (new Error("", "(unknown module)"))
JavaScript error: resource://gre/modules/TelemetryUtils.jsm, line 159: TypeError: date is undefined
1599569741787	Marionette	INFO	Listening on port 36337
1599569741821	Marionette	WARN	TLS certificate errors will be ignored for this session
1599569869208	geckodriver	INFO	Listening on 127.0.0.1:43733
1599569869216	mozrunner::runner	INFO	Running command: "/usr/bin/firefox" "--marionette" "-foreground" "-no-remote" "-profile" "/tmp/rust_mozprofiledLdTaj"
console.error: SearchCache: "_readCacheFile: Error reading cache file:" (new Error("", "(unknown module)"))
JavaScript error: resource://gre/modules/TelemetryUtils.jsm, line 159: TypeError: date is undefined
1599569873709	Marionette	INFO	Listening on port 42767
1599569873737	Marionette	WARN	TLS certificate errors will be ignored for this session
1599569922092	geckodriver	INFO	Listening on 127.0.0.1:46691
1599569922098	mozrunner::runner	INFO	Running command: "/usr/bin/firefox" "--marionette" "-foreground" "-no-remote" "-profile" "/tmp/rust_mozprofileobrLfp"
console.error: SearchCache: "_readCacheFile: Error reading cache file:" (new Error("", "(unknown module)"))
JavaScript error: resource://gre/modules/TelemetryUtils.jsm, line 159: TypeError: date is undefined
1599569926096	Marionette	INFO	Listening on port 39093
1599569926119	Marionette	WARN	TLS certificate errors will be ignored for this session
1599569928111	Marionette	INFO	Stopped listening on port 42767
1599569933509	Marionette	INFO	Stopped listening on port 39093
1599569976089	Marionette	INFO	Stopped listening on port 36337
1599569988382	geckodriver	INFO	Listening on 127.0.0.1:54187
1599569988390	mozrunner::runner	INFO	Running command: "/usr/bin/firefox" "--marionette" "-foreground" "-no-remote" "-profile" "/tmp/rust_mozprofilejJYlnX"
console.error: SearchCache: "_readCacheFile: Error reading cache file:" (new Error("", "(unknown module)"))
JavaScript error: resource://gre/modules/TelemetryUtils.jsm, line 159: TypeError: date is undefined
1599569991667	Marionette	INFO	Listening on port 39827
1599569991705	Marionette	WARN	TLS certificate errors will be ignored for this session
1599570039164	geckodriver	INFO	Listening on 127.0.0.1:48689
1599570039174	mozrunner::runner	INFO	Running command: "/usr/bin/firefox" "--marionette" "-foreground" "-no-remote" "-profile" "/tmp/rust_mozprofileRU9MJP"
console.error: SearchCache: "_readCacheFile: Error reading cache file:" (new Error("", "(unknown module)"))
JavaScript error: resource://gre/modules/TelemetryUtils.jsm, line 159: TypeError: date is undefined
1599570042807	Marionette	INFO	Listening on port 36487
1599570042890	Marionette	WARN	TLS certificate errors will be ignored for this session
1599570131416	Marionette	INFO	Stopped listening on port 36487
1599570243683	geckodriver	INFO	Listening on 127.0.0.1:49553
1599570243688	mozrunner::runner	INFO	Running command: "/usr/bin/firefox" "--marionette" "-foreground" "-no-remote" "-profile" "/tmp/rust_mozprofile4ywGGv"
console.error: SearchCache: "_readCacheFile: Error reading cache file:" (new Error("", "(unknown module)"))
JavaScript error: resource://gre/modules/TelemetryUtils.jsm, line 159: TypeError: date is undefined
1599570246910	Marionette	INFO	Listening on port 32875
1599570247008	Marionette	WARN	TLS certificate errors will be ignored for this session
1599570248244	Marionette	INFO	Stopped listening on port 39827
1599570254466	Marionette	INFO	Stopped listening on port 32875
1599570487658	geckodriver	INFO	Listening on 127.0.0.1:33229
1599570487666	mozrunner::runner	INFO	Running command: "/usr/bin/firefox" "--marionette" "-foreground" "-no-remote" "-profile" "/tmp/rust_mozprofile9SpjQR"
console.error: SearchCache: "_readCacheFile: Error reading cache file:" (new Error("", "(unknown module)"))
JavaScript error: resource://gre/modules/TelemetryUtils.jsm, line 159: TypeError: date is undefined
1599570490753	Marionette	INFO	Listening on port 41179
1599570490776	Marionette	WARN	TLS certificate errors will be ignored for this session
1599571933223	geckodriver	INFO	Listening on 127.0.0.1:57457
1599571933231	mozrunner::runner	INFO	Running command: "/usr/bin/firefox" "--marionette" "-foreground" "-no-remote" "-profile" "/tmp/rust_mozprofileECp8sf"
console.error: SearchCache: "_readCacheFile: Error reading cache file:" (new Error("", "(unknown module)"))
JavaScript error: resource://gre/modules/TelemetryUtils.jsm, line 159: TypeError: date is undefined
console.error: Region.jsm: "Error fetching region" (new TypeError("NetworkError when attempting to fetch resource.", ""))
console.error: Region.jsm: "Failed to fetch region" (new Error("NO_RESULT", "resource://gre/modules/Region.jsm", 343))
1599571936293	Marionette	INFO	Listening on port 45901
1599571936349	Marionette	WARN	TLS certificate errors will be ignored for this session
1599571947707	Marionette	INFO	Stopped listening on port 45901
1599571951904	geckodriver	INFO	Listening on 127.0.0.1:46113
1599571951912	mozrunner::runner	INFO	Running command: "/usr/bin/firefox" "--marionette" "-foreground" "-no-remote" "-profile" "/tmp/rust_mozprofileYTDUMF"
console.error: SearchCache: "_readCacheFile: Error reading cache file:" (new Error("", "(unknown module)"))
JavaScript error: resource://gre/modules/TelemetryUtils.jsm, line 159: TypeError: date is undefined
console.error: Region.jsm: "Error fetching region" (new TypeError("NetworkError when attempting to fetch resource.", ""))
console.error: Region.jsm: "Failed to fetch region" (new Error("NO_RESULT", "resource://gre/modules/Region.jsm", 343))
1599571954989	Marionette	INFO	Listening on port 38919
1599571955027	Marionette	WARN	TLS certificate errors will be ignored for this session
1599572112619	Marionette	INFO	Stopped listening on port 41179
1599572114506	Marionette	INFO	Stopped listening on port 38919
1599572117747	geckodriver	INFO	Listening on 127.0.0.1:35719
1599572117755	mozrunner::runner	INFO	Running command: "/usr/bin/firefox" "--marionette" "-foreground" "-no-remote" "-profile" "/tmp/rust_mozprofileRIu5xi"
console.error: SearchCache: "_readCacheFile: Error reading cache file:" (new Error("", "(unknown module)"))
JavaScript error: resource://gre/modules/TelemetryUtils.jsm, line 159: TypeError: date is undefined
1599572120969	Marionette	INFO	Listening on port 43639
1599572121073	Marionette	WARN	TLS certificate errors will be ignored for this session
1599572127558	Marionette	INFO	Stopped listening on port 43639
1599572411497	geckodriver	INFO	Listening on 127.0.0.1:57217
1599572411505	mozrunner::runner	INFO	Running command: "/usr/bin/firefox" "--marionette" "-foreground" "-no-remote" "-profile" "/tmp/rust_mozprofiley3FVzD"
console.error: SearchCache: "_readCacheFile: Error reading cache file:" (new Error("", "(unknown module)"))
JavaScript error: resource://gre/modules/TelemetryUtils.jsm, line 159: TypeError: date is undefined
1599572414517	Marionette	INFO	Listening on port 45669
1599572414864	Marionette	WARN	TLS certificate errors will be ignored for this session
1599572421901	Marionette	INFO	Stopped listening on port 45669
1599572424836	geckodriver	INFO	Listening on 127.0.0.1:49999
1599572424844	mozrunner::runner	INFO	Running command: "/usr/bin/firefox" "--marionette" "-foreground" "-no-remote" "-profile" "/tmp/rust_mozprofileaYzvvq"
console.error: SearchCache: "_readCacheFile: Error reading cache file:" (new Error("", "(unknown module)"))
JavaScript error: resource://gre/modules/TelemetryUtils.jsm, line 159: TypeError: date is undefined
1599572427963	Marionette	INFO	Listening on port 33701
1599572428060	Marionette	WARN	TLS certificate errors will be ignored for this session
1599572436128	Marionette	INFO	Stopped listening on port 33701
1599577334586	geckodriver	INFO	Listening on 127.0.0.1:39681
1599577335591	mozrunner::runner	INFO	Running command: "/usr/bin/firefox" "--marionette" "-foreground" "-no-remote" "-profile" "/tmp/rust_mozprofileK9vaFB"
console.error: SearchCache: "_readCacheFile: Error reading cache file:" (new Error("", "(unknown module)"))
JavaScript error: resource://gre/modules/TelemetryUtils.jsm, line 159: TypeError: date is undefined
1599577339156	Marionette	INFO	Listening on port 45339
1599577339203	Marionette	WARN	TLS certificate errors will be ignored for this session
console.error: Region.jsm: "Error fetching region" (new AbortError("The operation was aborted. ", (void 0), 689))
console.error: Region.jsm: "Failed to fetch region" (new Error("NO_RESULT", "resource://gre/modules/Region.jsm", 343))
1599577597533	geckodriver	INFO	Listening on 127.0.0.1:51245
1599577597540	mozrunner::runner	INFO	Running command: "/usr/bin/firefox" "--marionette" "-foreground" "-no-remote" "-profile" "/tmp/rust_mozprofilelfUCLo"
console.error: SearchCache: "_readCacheFile: Error reading cache file:" (new Error("", "(unknown module)"))
JavaScript error: resource://gre/modules/TelemetryUtils.jsm, line 159: TypeError: date is undefined
1599577600946	Marionette	INFO	Listening on port 43749
1599577600955	Marionette	WARN	TLS certificate errors will be ignored for this session
1599577636402	geckodriver	INFO	Listening on 127.0.0.1:36223
1599577636407	mozrunner::runner	INFO	Running command: "/usr/bin/firefox" "--marionette" "-foreground" "-no-remote" "-profile" "/tmp/rust_mozprofile3JFqxE"
console.error: SearchCache: "_readCacheFile: Error reading cache file:" (new Error("", "(unknown module)"))
JavaScript error: resource://gre/modules/TelemetryUtils.jsm, line 159: TypeError: date is undefined
1599577639661	Marionette	INFO	Listening on port 39627
1599577639729	Marionette	WARN	TLS certificate errors will be ignored for this session
1599577674125	Marionette	INFO	Stopped listening on port 39627
1599577675922	Marionette	INFO	Stopped listening on port 43749
1599577680135	Marionette	INFO	Stopped listening on port 45339
1599577753807	geckodriver	INFO	Listening on 127.0.0.1:49671
1599577753815	mozrunner::runner	INFO	Running command: "/usr/bin/firefox" "--marionette" "-foreground" "-no-remote" "-profile" "/tmp/rust_mozprofileGScjsi"
console.error: SearchCache: "_readCacheFile: Error reading cache file:" (new Error("", "(unknown module)"))
JavaScript error: resource://gre/modules/TelemetryUtils.jsm, line 159: TypeError: date is undefined
1599577756785	Marionette	INFO	Listening on port 38921
1599577758244	Marionette	WARN	TLS certificate errors will be ignored for this session
1599577768169	Marionette	INFO	Stopped listening on port 38921
1599577858744	geckodriver	INFO	Listening on 127.0.0.1:42461
1599577858751	mozrunner::runner	INFO	Running command: "/usr/bin/firefox" "--marionette" "-foreground" "-no-remote" "-profile" "/tmp/rust_mozprofile3iIx5U"
console.error: SearchCache: "_readCacheFile: Error reading cache file:" (new Error("", "(unknown module)"))
JavaScript error: resource://gre/modules/TelemetryUtils.jsm, line 159: TypeError: date is undefined
1599577861897	Marionette	INFO	Listening on port 46845
1599577861964	Marionette	WARN	TLS certificate errors will be ignored for this session
1599577979340	geckodriver	INFO	Listening on 127.0.0.1:45705
1599577979347	mozrunner::runner	INFO	Running command: "/usr/bin/firefox" "--marionette" "-foreground" "-no-remote" "-profile" "/tmp/rust_mozprofileLEH4XU"
console.error: SearchCache: "_readCacheFile: Error reading cache file:" (new Error("", "(unknown module)"))
JavaScript error: resource://gre/modules/TelemetryUtils.jsm, line 159: TypeError: date is undefined
1599577982376	Marionette	INFO	Listening on port 38971
1599577982464	Marionette	WARN	TLS certificate errors will be ignored for this session
console.error: Region.jsm: "Error fetching region" (new AbortError("The operation was aborted. ", (void 0), 689))
console.error: Region.jsm: "Failed to fetch region" (new Error("NO_RESULT", "resource://gre/modules/Region.jsm", 343))
1599578015065	Marionette	INFO	Stopped listening on port 38971
1599578019372	geckodriver	INFO	Listening on 127.0.0.1:46991
1599578019378	mozrunner::runner	INFO	Running command: "/usr/bin/firefox" "--marionette" "-foreground" "-no-remote" "-profile" "/tmp/rust_mozprofilezOPKYW"
console.error: SearchCache: "_readCacheFile: Error reading cache file:" (new Error("", "(unknown module)"))
JavaScript error: resource://gre/modules/TelemetryUtils.jsm, line 159: TypeError: date is undefined
1599578022455	Marionette	INFO	Listening on port 33371
1599578022496	Marionette	WARN	TLS certificate errors will be ignored for this session
1599578025099	Marionette	INFO	Stopped listening on port 46845
1599578173338	geckodriver	INFO	Listening on 127.0.0.1:40471
1599578173345	mozrunner::runner	INFO	Running command: "/usr/bin/firefox" "--marionette" "-foreground" "-no-remote" "-profile" "/tmp/rust_mozprofilexQD9aU"
console.error: SearchCache: "_readCacheFile: Error reading cache file:" (new Error("", "(unknown module)"))
JavaScript error: resource://gre/modules/TelemetryUtils.jsm, line 159: TypeError: date is undefined
1599578176533	Marionette	INFO	Listening on port 44421
1599578176782	Marionette	WARN	TLS certificate errors will be ignored for this session
1599578202817	Marionette	INFO	Stopped listening on port 44421
1599578204916	Marionette	INFO	Stopped listening on port 33371
1599578214626	geckodriver	INFO	Listening on 127.0.0.1:42963
1599578214633	mozrunner::runner	INFO	Running command: "/usr/bin/firefox" "--marionette" "-foreground" "-no-remote" "-profile" "/tmp/rust_mozprofileNIeOB4"
console.error: SearchCache: "_readCacheFile: Error reading cache file:" (new Error("", "(unknown module)"))
JavaScript error: resource://gre/modules/TelemetryUtils.jsm, line 159: TypeError: date is undefined
1599578217548	Marionette	INFO	Listening on port 37553
1599578217651	Marionette	WARN	TLS certificate errors will be ignored for this session
1599578229731	Marionette	INFO	Stopped listening on port 37553
1599578236557	geckodriver	INFO	Listening on 127.0.0.1:42469
1599578236563	mozrunner::runner	INFO	Running command: "/usr/bin/firefox" "--marionette" "-foreground" "-no-remote" "-profile" "/tmp/rust_mozprofileqRI3Dg"
console.error: SearchCache: "_readCacheFile: Error reading cache file:" (new Error("", "(unknown module)"))
JavaScript error: resource://gre/modules/TelemetryUtils.jsm, line 159: TypeError: date is undefined
1599578239537	Marionette	INFO	Listening on port 38791
1599578239575	Marionette	WARN	TLS certificate errors will be ignored for this session
1599578306614	geckodriver	INFO	Listening on 127.0.0.1:51905
1599578306623	mozrunner::runner	INFO	Running command: "/usr/bin/firefox" "--marionette" "-foreground" "-no-remote" "-profile" "/tmp/rust_mozprofileZJ0WSB"
console.error: SearchCache: "_readCacheFile: Error reading cache file:" (new Error("", "(unknown module)"))
JavaScript error: resource://gre/modules/TelemetryUtils.jsm, line 159: TypeError: date is undefined
1599578310020	Marionette	INFO	Listening on port 37267
1599578310048	Marionette	WARN	TLS certificate errors will be ignored for this session
1599578411672	geckodriver	INFO	Listening on 127.0.0.1:37891
1599578411679	mozrunner::runner	INFO	Running command: "/usr/bin/firefox" "--marionette" "-foreground" "-no-remote" "-profile" "/tmp/rust_mozprofileXctRIY"
console.error: SearchCache: "_readCacheFile: Error reading cache file:" (new Error("", "(unknown module)"))
JavaScript error: resource://gre/modules/TelemetryUtils.jsm, line 159: TypeError: date is undefined
1599578414853	Marionette	INFO	Listening on port 43431
1599578414915	Marionette	WARN	TLS certificate errors will be ignored for this session
console.error: Region.jsm: "Error fetching region" (new AbortError("The operation was aborted. ", (void 0), 689))
console.error: Region.jsm: "Failed to fetch region" (new Error("NO_RESULT", "resource://gre/modules/Region.jsm", 343))
1599578428597	Marionette	INFO	Stopped listening on port 43431
1599578596118	geckodriver	INFO	Listening on 127.0.0.1:35623
1599578596125	mozrunner::runner	INFO	Running command: "/usr/bin/firefox" "--marionette" "-foreground" "-no-remote" "-profile" "/tmp/rust_mozprofileADzOkl"
console.error: SearchCache: "_readCacheFile: Error reading cache file:" (new Error("", "(unknown module)"))
JavaScript error: resource://gre/modules/TelemetryUtils.jsm, line 159: TypeError: date is undefined
1599578599249	Marionette	INFO	Listening on port 41173
1599578599337	Marionette	WARN	TLS certificate errors will be ignored for this session
1599578602732	Marionette	INFO	Stopped listening on port 41173
1599578699905	geckodriver	INFO	Listening on 127.0.0.1:40355
1599578699912	mozrunner::runner	INFO	Running command: "/usr/bin/firefox" "--marionette" "-foreground" "-no-remote" "-profile" "/tmp/rust_mozprofilerUsJyt"
console.error: SearchCache: "_readCacheFile: Error reading cache file:" (new Error("", "(unknown module)"))
JavaScript error: resource://gre/modules/TelemetryUtils.jsm, line 159: TypeError: date is undefined
1599578703379	Marionette	INFO	Listening on port 36527
1599578703424	Marionette	WARN	TLS certificate errors will be ignored for this session
console.error: Region.jsm: "Error fetching region" (new AbortError("The operation was aborted. ", (void 0), 689))
console.error: Region.jsm: "Failed to fetch region" (new Error("NO_RESULT", "resource://gre/modules/Region.jsm", 343))
1599578732623	Marionette	INFO	Stopped listening on port 36527
1599578736075	Marionette	INFO	Stopped listening on port 38791
1599578737281	Marionette	INFO	Stopped listening on port 37267
1599578772102	geckodriver	INFO	Listening on 127.0.0.1:45991
1599578772109	mozrunner::runner	INFO	Running command: "/usr/bin/firefox" "--marionette" "-foreground" "-no-remote" "-profile" "/tmp/rust_mozprofileAeRKFm"
console.error: SearchCache: "_readCacheFile: Error reading cache file:" (new Error("", "(unknown module)"))
JavaScript error: resource://gre/modules/TelemetryUtils.jsm, line 159: TypeError: date is undefined
1599578775238	Marionette	INFO	Listening on port 46823
1599578775322	Marionette	WARN	TLS certificate errors will be ignored for this session
1599578836218	geckodriver	INFO	Listening on 127.0.0.1:45107
1599578836225	mozrunner::runner	INFO	Running command: "/usr/bin/firefox" "--marionette" "-foreground" "-no-remote" "-profile" "/tmp/rust_mozprofileD1Il8Z"
console.error: SearchCache: "_readCacheFile: Error reading cache file:" (new Error("", "(unknown module)"))
JavaScript error: resource://gre/modules/TelemetryUtils.jsm, line 159: TypeError: date is undefined
1599578839511	Marionette	INFO	Listening on port 34303
1599578839540	Marionette	WARN	TLS certificate errors will be ignored for this session
1599578912397	Marionette	INFO	Stopped listening on port 34303
1599578913924	Marionette	INFO	Stopped listening on port 46823
1599578922624	geckodriver	INFO	Listening on 127.0.0.1:41607
1599578922632	mozrunner::runner	INFO	Running command: "/usr/bin/firefox" "--marionette" "-foreground" "-no-remote" "-profile" "/tmp/rust_mozprofile5UJ9Qk"
console.error: SearchCache: "_readCacheFile: Error reading cache file:" (new Error("", "(unknown module)"))
JavaScript error: resource://gre/modules/TelemetryUtils.jsm, line 159: TypeError: date is undefined
1599578925678	Marionette	INFO	Listening on port 41481
1599578925750	Marionette	WARN	TLS certificate errors will be ignored for this session
console.error: Region.jsm: "Error fetching region" (new AbortError("The operation was aborted. ", (void 0), 689))
console.error: Region.jsm: "Failed to fetch region" (new Error("NO_RESULT", "resource://gre/modules/Region.jsm", 343))
1599578948068	Marionette	INFO	Stopped listening on port 41481
1599578951877	geckodriver	INFO	Listening on 127.0.0.1:35183
1599578951885	mozrunner::runner	INFO	Running command: "/usr/bin/firefox" "--marionette" "-foreground" "-no-remote" "-profile" "/tmp/rust_mozprofilehHZNPt"
console.error: SearchCache: "_readCacheFile: Error reading cache file:" (new Error("", "(unknown module)"))
JavaScript error: resource://gre/modules/TelemetryUtils.jsm, line 159: TypeError: date is undefined
1599578955028	Marionette	INFO	Listening on port 45637
1599578955100	Marionette	WARN	TLS certificate errors will be ignored for this session
1599579436317	geckodriver	INFO	Listening on 127.0.0.1:50909
1599579436325	mozrunner::runner	INFO	Running command: "/usr/bin/firefox" "--marionette" "-foreground" "-no-remote" "-profile" "/tmp/rust_mozprofileYu13ai"
console.error: SearchCache: "_readCacheFile: Error reading cache file:" (new Error("", "(unknown module)"))
JavaScript error: resource://gre/modules/TelemetryUtils.jsm, line 159: TypeError: date is undefined
1599579439411	Marionette	INFO	Listening on port 42479
1599579439447	Marionette	WARN	TLS certificate errors will be ignored for this session
1599579442368	Marionette	INFO	Stopped listening on port 45637
1599580284663	geckodriver	INFO	Listening on 127.0.0.1:54935
1599580285670	mozrunner::runner	INFO	Running command: "/usr/bin/firefox" "--marionette" "-foreground" "-no-remote" "-profile" "/tmp/rust_mozprofilelw2Lmi"
console.error: SearchCache: "_readCacheFile: Error reading cache file:" (new Error("", "(unknown module)"))
JavaScript error: resource://gre/modules/TelemetryUtils.jsm, line 159: TypeError: date is undefined
1599580288885	Marionette	INFO	Listening on port 45683
1599580288900	Marionette	WARN	TLS certificate errors will be ignored for this session
1599580292879	Marionette	INFO	Stopped listening on port 42479
console.error: Region.jsm: "Error fetching region" (new AbortError("The operation was aborted. ", (void 0), 689))
console.error: Region.jsm: "Failed to fetch region" (new Error("NO_RESULT", "resource://gre/modules/Region.jsm", 343))
1599580327211	geckodriver	INFO	Listening on 127.0.0.1:44973
1599580327219	mozrunner::runner	INFO	Running command: "/usr/bin/firefox" "--marionette" "-foreground" "-no-remote" "-profile" "/tmp/rust_mozprofilerwWzyk"
console.error: SearchCache: "_readCacheFile: Error reading cache file:" (new Error("", "(unknown module)"))
JavaScript error: resource://gre/modules/TelemetryUtils.jsm, line 159: TypeError: date is undefined
1599580330290	Marionette	INFO	Listening on port 36411
1599580330329	Marionette	WARN	TLS certificate errors will be ignored for this session
console.error: Region.jsm: "Error fetching region" (new AbortError("The operation was aborted. ", (void 0), 689))
console.error: Region.jsm: "Failed to fetch region" (new Error("NO_RESULT", "resource://gre/modules/Region.jsm", 343))
1599580346140	Marionette	INFO	Stopped listening on port 36411
console.error: services.settings: 
  main/partitioning-exempt-urls Signature failed  TypeError: NetworkError when attempting to fetch resource.
console.error: services.settings: 
  main/message-groups Signature failed  TypeError: NetworkError when attempting to fetch resource.
console.error: services.settings: 
  main/messaging-experiments Signature failed  TypeError: NetworkError when attempting to fetch resource.
console.error: services.settings: 
  main/fxmonitor-breaches Signature failed  TypeError: NetworkError when attempting to fetch resource.
1599580355908	Marionette	INFO	Stopped listening on port 45683
1599580361499	geckodriver	INFO	Listening on 127.0.0.1:48507
1599580361507	mozrunner::runner	INFO	Running command: "/usr/bin/firefox" "--marionette" "-foreground" "-no-remote" "-profile" "/tmp/rust_mozprofilebkadtO"
console.error: SearchCache: "_readCacheFile: Error reading cache file:" (new Error("", "(unknown module)"))
JavaScript error: resource://gre/modules/TelemetryUtils.jsm, line 159: TypeError: date is undefined
1599580364504	Marionette	INFO	Listening on port 46183
1599580364530	Marionette	WARN	TLS certificate errors will be ignored for this session
console.error: Region.jsm: "Error fetching region" (new AbortError("The operation was aborted. ", (void 0), 689))
console.error: Region.jsm: "Failed to fetch region" (new Error("NO_RESULT", "resource://gre/modules/Region.jsm", 343))
1599580376637	Marionette	INFO	Stopped listening on port 46183
console.error: services.settings: 
  main/partitioning-exempt-urls Signature failed  TypeError: NetworkError when attempting to fetch resource.
console.error: services.settings: 
  main/message-groups Signature failed  TypeError: NetworkError when attempting to fetch resource.
console.error: services.settings: 
  main/messaging-experiments Signature failed  TypeError: NetworkError when attempting to fetch resource.
1599580499683	geckodriver	INFO	Listening on 127.0.0.1:57235
1599580499690	mozrunner::runner	INFO	Running command: "/usr/bin/firefox" "--marionette" "-foreground" "-no-remote" "-profile" "/tmp/rust_mozprofileZpIh55"
console.error: SearchCache: "_readCacheFile: Error reading cache file:" (new Error("", "(unknown module)"))
JavaScript error: resource://gre/modules/TelemetryUtils.jsm, line 159: TypeError: date is undefined
1599580502713	Marionette	INFO	Listening on port 32797
1599580502803	Marionette	WARN	TLS certificate errors will be ignored for this session
1599580507070	Marionette	INFO	Stopped listening on port 32797
console.error: Region.jsm: "Error fetching region" (new TypeError("NetworkError when attempting to fetch resource.", ""))
console.error: Region.jsm: "Failed to fetch region" (new Error("NO_RESULT", "resource://gre/modules/Region.jsm", 343))
1599634867350	geckodriver	INFO	Listening on 127.0.0.1:49479
1599634868356	mozrunner::runner	INFO	Running command: "/usr/bin/firefox" "--marionette" "-foreground" "-no-remote" "-profile" "/tmp/rust_mozprofileYAFwhI"
console.error: SearchCache: "_readCacheFile: Error reading cache file:" (new Error("", "(unknown module)"))
JavaScript error: resource://gre/modules/TelemetryUtils.jsm, line 159: TypeError: date is undefined
1599634872065	Marionette	INFO	Listening on port 46357
1599634872082	Marionette	WARN	TLS certificate errors will be ignored for this session
1599634877201	Marionette	INFO	Stopped listening on port 46357
1599634949334	geckodriver	INFO	Listening on 127.0.0.1:35487
1599634949342	mozrunner::runner	INFO	Running command: "/usr/bin/firefox" "--marionette" "-foreground" "-no-remote" "-profile" "/tmp/rust_mozprofile3Uo9YN"
console.error: SearchCache: "_readCacheFile: Error reading cache file:" (new Error("", "(unknown module)"))
JavaScript error: resource://gre/modules/TelemetryUtils.jsm, line 159: TypeError: date is undefined
1599634952820	Marionette	INFO	Listening on port 40425
1599634952867	Marionette	WARN	TLS certificate errors will be ignored for this session
JavaScript error: resource://gre/modules/URIFixup.jsm, line 271: NS_ERROR_FAILURE: Should pass a non-null uri
1599634968886	Marionette	INFO	Stopped listening on port 40425
1599634994608	geckodriver	INFO	Listening on 127.0.0.1:44633
1599634994617	mozrunner::runner	INFO	Running command: "/usr/bin/firefox" "--marionette" "-foreground" "-no-remote" "-profile" "/tmp/rust_mozprofileMzSNIn"
console.error: SearchCache: "_readCacheFile: Error reading cache file:" (new Error("", "(unknown module)"))
JavaScript error: resource://gre/modules/TelemetryUtils.jsm, line 159: TypeError: date is undefined
1599634998075	Marionette	INFO	Listening on port 45165
1599634998133	Marionette	WARN	TLS certificate errors will be ignored for this session
console.error: Region.jsm: "Error fetching region" (new AbortError("The operation was aborted. ", (void 0), 689))
console.error: Region.jsm: "Failed to fetch region" (new Error("NO_RESULT", "resource://gre/modules/Region.jsm", 343))
1599635035375	Marionette	INFO	Stopped listening on port 45165
1599635037912	geckodriver	INFO	Listening on 127.0.0.1:33163
1599635037920	mozrunner::runner	INFO	Running command: "/usr/bin/firefox" "--marionette" "-foreground" "-no-remote" "-profile" "/tmp/rust_mozprofileLptWyO"
console.error: SearchCache: "_readCacheFile: Error reading cache file:" (new Error("", "(unknown module)"))
JavaScript error: resource://gre/modules/TelemetryUtils.jsm, line 159: TypeError: date is undefined
1599635041283	Marionette	INFO	Listening on port 35531
1599635041338	Marionette	WARN	TLS certificate errors will be ignored for this session
1599635268953	geckodriver	INFO	Listening on 127.0.0.1:45883
1599635269961	mozrunner::runner	INFO	Running command: "/usr/bin/firefox" "--marionette" "-foreground" "-no-remote" "-profile" "/tmp/rust_mozprofileMSzb4P"
console.error: SearchCache: "_readCacheFile: Error reading cache file:" (new Error("", "(unknown module)"))
JavaScript error: resource://gre/modules/TelemetryUtils.jsm, line 159: TypeError: date is undefined
1599635273277	Marionette	INFO	Listening on port 38079
1599635273374	Marionette	WARN	TLS certificate errors will be ignored for this session
1599635284118	Marionette	INFO	Stopped listening on port 38079
1599635488059	Marionette	INFO	Stopped listening on port 35531
1599635656196	geckodriver	INFO	Listening on 127.0.0.1:35385
1599635656202	mozrunner::runner	INFO	Running command: "/usr/bin/firefox" "--marionette" "-foreground" "-no-remote" "-profile" "/tmp/rust_mozprofileyu2iXz"
console.error: SearchCache: "_readCacheFile: Error reading cache file:" (new Error("", "(unknown module)"))
JavaScript error: resource://gre/modules/TelemetryUtils.jsm, line 159: TypeError: date is undefined
1599635659418	Marionette	INFO	Listening on port 39569
1599635659522	Marionette	WARN	TLS certificate errors will be ignored for this session
1599635675367	Marionette	INFO	Stopped listening on port 39569
1599635839037	geckodriver	INFO	Listening on 127.0.0.1:40871
1599635839045	mozrunner::runner	INFO	Running command: "/usr/bin/firefox" "--marionette" "-foreground" "-no-remote" "-profile" "/tmp/rust_mozprofileS5MEVj"
console.error: SearchCache: "_readCacheFile: Error reading cache file:" (new Error("", "(unknown module)"))
JavaScript error: resource://gre/modules/TelemetryUtils.jsm, line 159: TypeError: date is undefined
1599635842280	Marionette	INFO	Listening on port 34363
1599635842363	Marionette	WARN	TLS certificate errors will be ignored for this session
1599635850914	Marionette	INFO	Stopped listening on port 34363
1599636094369	geckodriver	INFO	Listening on 127.0.0.1:40595
1599636094377	mozrunner::runner	INFO	Running command: "/usr/bin/firefox" "--marionette" "-foreground" "-no-remote" "-profile" "/tmp/rust_mozprofileOJMFMB"
console.error: SearchCache: "_readCacheFile: Error reading cache file:" (new Error("", "(unknown module)"))
JavaScript error: resource://gre/modules/TelemetryUtils.jsm, line 159: TypeError: date is undefined
1599636097593	Marionette	INFO	Listening on port 43609
1599636097691	Marionette	WARN	TLS certificate errors will be ignored for this session
console.error: Region.jsm: "Error fetching region" (new AbortError("The operation was aborted. ", (void 0), 689))
console.error: Region.jsm: "Failed to fetch region" (new Error("NO_RESULT", "resource://gre/modules/Region.jsm", 343))
1599636114552	Marionette	INFO	Stopped listening on port 43609
1599636274255	geckodriver	INFO	Listening on 127.0.0.1:41407
1599636274264	mozrunner::runner	INFO	Running command: "/usr/bin/firefox" "--marionette" "-foreground" "-no-remote" "-profile" "/tmp/rust_mozprofilepPuZZa"
console.error: SearchCache: "_readCacheFile: Error reading cache file:" (new Error("", "(unknown module)"))
JavaScript error: resource://gre/modules/TelemetryUtils.jsm, line 159: TypeError: date is undefined
1599636277416	Marionette	INFO	Listening on port 44057
1599636277481	Marionette	WARN	TLS certificate errors will be ignored for this session
1599636308152	Marionette	INFO	Stopped listening on port 44057
1599636315303	geckodriver	INFO	Listening on 127.0.0.1:40981
1599636315312	mozrunner::runner	INFO	Running command: "/usr/bin/firefox" "--marionette" "-foreground" "-no-remote" "-profile" "/tmp/rust_mozprofilewI5zRY"
console.error: SearchCache: "_readCacheFile: Error reading cache file:" (new Error("", "(unknown module)"))
JavaScript error: resource://gre/modules/TelemetryUtils.jsm, line 159: TypeError: date is undefined
1599636318413	Marionette	INFO	Listening on port 45021
1599636318426	Marionette	WARN	TLS certificate errors will be ignored for this session
1599637136976	Marionette	INFO	Stopped listening on port 45021
1599637139831	geckodriver	INFO	Listening on 127.0.0.1:51699
1599637139837	mozrunner::runner	INFO	Running command: "/usr/bin/firefox" "--marionette" "-foreground" "-no-remote" "-profile" "/tmp/rust_mozprofileYCjmbf"
console.error: SearchCache: "_readCacheFile: Error reading cache file:" (new Error("", "(unknown module)"))
JavaScript error: resource://gre/modules/TelemetryUtils.jsm, line 159: TypeError: date is undefined
JavaScript error: resource://gre/modules/URIFixup.jsm, line 271: NS_ERROR_FAILURE: Should pass a non-null uri
1599637142998	Marionette	INFO	Listening on port 41013
1599637143265	Marionette	WARN	TLS certificate errors will be ignored for this session
1599637153132	Marionette	INFO	Stopped listening on port 41013
1599738782455	geckodriver	INFO	Listening on 127.0.0.1:55397
1599738783461	mozrunner::runner	INFO	Running command: "/usr/bin/firefox" "--marionette" "-foreground" "-no-remote" "-profile" "/tmp/rust_mozprofileHvYWSm"
console.error: SearchCache: "_readCacheFile: Error reading cache file:" (new Error("", "(unknown module)"))
JavaScript error: resource://gre/modules/TelemetryUtils.jsm, line 159: TypeError: date is undefined
1599738786567	Marionette	INFO	Listening on port 35579
1599738786794	Marionette	WARN	TLS certificate errors will be ignored for this session
console.error: Region.jsm: "Error fetching region" (new AbortError("The operation was aborted. ", (void 0), 689))
console.error: Region.jsm: "Failed to fetch region" (new Error("NO_RESULT", "resource://gre/modules/Region.jsm", 343))
1599738819192	Marionette	INFO	Stopped listening on port 35579
1599738840298	geckodriver	INFO	Listening on 127.0.0.1:56921
1599738840307	mozrunner::runner	INFO	Running command: "/usr/bin/firefox" "--marionette" "-foreground" "-no-remote" "-profile" "/tmp/rust_mozprofile6s4RCg"
console.error: SearchCache: "_readCacheFile: Error reading cache file:" (new Error("", "(unknown module)"))
JavaScript error: resource://gre/modules/TelemetryUtils.jsm, line 159: TypeError: date is undefined
1599738843328	Marionette	INFO	Listening on port 40667
1599738843637	Marionette	WARN	TLS certificate errors will be ignored for this session
1599738863675	geckodriver	INFO	Listening on 127.0.0.1:36931
1599738863683	mozrunner::runner	INFO	Running command: "/usr/bin/firefox" "--marionette" "-foreground" "-no-remote" "-profile" "/tmp/rust_mozprofileu3CzhW"
console.error: SearchCache: "_readCacheFile: Error reading cache file:" (new Error("", "(unknown module)"))
JavaScript error: resource://gre/modules/TelemetryUtils.jsm, line 159: TypeError: date is undefined
1599738867097	Marionette	INFO	Listening on port 42419
1599738867226	Marionette	WARN	TLS certificate errors will be ignored for this session
1599738868325	Marionette	INFO	Stopped listening on port 40667
1599738873855	Marionette	INFO	Stopped listening on port 42419
1599738895255	geckodriver	INFO	Listening on 127.0.0.1:59655
1599738895264	mozrunner::runner	INFO	Running command: "/usr/bin/firefox" "--marionette" "-foreground" "-no-remote" "-profile" "/tmp/rust_mozprofileWf7UcF"
console.error: SearchCache: "_readCacheFile: Error reading cache file:" (new Error("", "(unknown module)"))
JavaScript error: resource://gre/modules/TelemetryUtils.jsm, line 159: TypeError: date is undefined
1599738898284	Marionette	INFO	Listening on port 42157
1599738898577	Marionette	WARN	TLS certificate errors will be ignored for this session
1599738938177	geckodriver	INFO	Listening on 127.0.0.1:53397
1599738938185	mozrunner::runner	INFO	Running command: "/usr/bin/firefox" "--marionette" "-foreground" "-no-remote" "-profile" "/tmp/rust_mozprofiledRAi2Q"
console.error: SearchCache: "_readCacheFile: Error reading cache file:" (new Error("", "(unknown module)"))
JavaScript error: resource://gre/modules/TelemetryUtils.jsm, line 159: TypeError: date is undefined
1599738941233	Marionette	INFO	Listening on port 37273
1599738941307	Marionette	WARN	TLS certificate errors will be ignored for this session
1599738952009	Marionette	INFO	Stopped listening on port 37273
1599739052799	geckodriver	INFO	Listening on 127.0.0.1:56709
1599739052807	mozrunner::runner	INFO	Running command: "/usr/bin/firefox" "--marionette" "-foreground" "-no-remote" "-profile" "/tmp/rust_mozprofilePO3VNz"
console.error: SearchCache: "_readCacheFile: Error reading cache file:" (new Error("", "(unknown module)"))
JavaScript error: resource://gre/modules/TelemetryUtils.jsm, line 159: TypeError: date is undefined
1599739056014	Marionette	INFO	Listening on port 44879
1599739056028	Marionette	WARN	TLS certificate errors will be ignored for this session
console.error: Region.jsm: "Error fetching region" (new AbortError("The operation was aborted. ", (void 0), 689))
console.error: Region.jsm: "Failed to fetch region" (new Error("NO_RESULT", "resource://gre/modules/Region.jsm", 343))
1599739063730	Marionette	INFO	Stopped listening on port 44879
1599739289568	geckodriver	INFO	Listening on 127.0.0.1:32897
1599739290581	mozrunner::runner	INFO	Running command: "/usr/bin/firefox" "--marionette" "-foreground" "-no-remote" "-profile" "/tmp/rust_mozprofile0mEkQV"
console.error: SearchCache: "_readCacheFile: Error reading cache file:" (new Error("", "(unknown module)"))
JavaScript error: resource://gre/modules/TelemetryUtils.jsm, line 159: TypeError: date is undefined
1599739293700	Marionette	INFO	Listening on port 36753
1599739293796	Marionette	WARN	TLS certificate errors will be ignored for this session
1599739299765	Marionette	INFO	Stopped listening on port 36753
1599739350690	geckodriver	INFO	Listening on 127.0.0.1:55109
1599739350698	mozrunner::runner	INFO	Running command: "/usr/bin/firefox" "--marionette" "-foreground" "-no-remote" "-profile" "/tmp/rust_mozprofileAYrofd"
console.error: SearchCache: "_readCacheFile: Error reading cache file:" (new Error("", "(unknown module)"))
JavaScript error: resource://gre/modules/TelemetryUtils.jsm, line 159: TypeError: date is undefined
1599739353753	Marionette	INFO	Listening on port 34245
1599739353845	Marionette	WARN	TLS certificate errors will be ignored for this session
1599740177967	Marionette	INFO	Stopped listening on port 42157
1599740178530	Marionette	INFO	Stopped listening on port 34245
1599740976258	geckodriver	INFO	Listening on 127.0.0.1:57033
1599740976267	mozrunner::runner	INFO	Running command: "/usr/bin/firefox" "--marionette" "-foreground" "-no-remote" "-profile" "/tmp/rust_mozprofileO2CQFc"
console.error: SearchCache: "_readCacheFile: Error reading cache file:" (new Error("", "(unknown module)"))
JavaScript error: resource://gre/modules/TelemetryUtils.jsm, line 159: TypeError: date is undefined
1599740979592	Marionette	INFO	Listening on port 35629
1599740979683	Marionette	WARN	TLS certificate errors will be ignored for this session
1599740994172	Marionette	INFO	Stopped listening on port 35629
1599741531913	geckodriver	INFO	Listening on 127.0.0.1:43807
1599741531921	mozrunner::runner	INFO	Running command: "/usr/bin/firefox" "--marionette" "-foreground" "-no-remote" "-profile" "/tmp/rust_mozprofilemDs9ju"
console.error: SearchCache: "_readCacheFile: Error reading cache file:" (new Error("", "(unknown module)"))
JavaScript error: resource://gre/modules/TelemetryUtils.jsm, line 159: TypeError: date is undefined
1599741534800	Marionette	INFO	Listening on port 34135
1599741534833	Marionette	WARN	TLS certificate errors will be ignored for this session
1599741541205	Marionette	INFO	Stopped listening on port 34135
1599987279878	geckodriver	INFO	Listening on 127.0.0.1:41731
1599987280883	mozrunner::runner	INFO	Running command: "/usr/bin/firefox" "--marionette" "-foreground" "-no-remote" "-profile" "/tmp/rust_mozprofilelU5Usx"
console.error: SearchCache: "_readCacheFile: Error reading cache file:" (new Error("", "(unknown module)"))
JavaScript error: resource://gre/modules/TelemetryUtils.jsm, line 159: TypeError: date is undefined
1599987284405	Marionette	INFO	Listening on port 36211
1599987284495	Marionette	WARN	TLS certificate errors will be ignored for this session
1599989841011	Marionette	INFO	Stopped listening on port 36211
1599990276018	geckodriver	INFO	Listening on 127.0.0.1:43257
1599990277024	mozrunner::runner	INFO	Running command: "/usr/bin/firefox" "--marionette" "-foreground" "-no-remote" "-profile" "/tmp/rust_mozprofilehn8Lm8"
console.error: SearchCache: "_readCacheFile: Error reading cache file:" (new Error("", "(unknown module)"))
JavaScript error: resource://gre/modules/TelemetryUtils.jsm, line 159: TypeError: date is undefined
1599990281051	Marionette	INFO	Listening on port 34019
1599990281149	Marionette	WARN	TLS certificate errors will be ignored for this session
1599994788954	Marionette	INFO	Stopped listening on port 34019
1599996136825	geckodriver	INFO	Listening on 127.0.0.1:38233
1599996137828	mozrunner::runner	INFO	Running command: "/usr/bin/firefox" "--marionette" "-foreground" "-no-remote" "-profile" "/tmp/rust_mozprofileL52VoA"
console.error: SearchCache: "_readCacheFile: Error reading cache file:" (new Error("", "(unknown module)"))
JavaScript error: resource://gre/modules/TelemetryUtils.jsm, line 159: TypeError: date is undefined
1599996141769	Marionette	INFO	Listening on port 33755
1599996141843	Marionette	WARN	TLS certificate errors will be ignored for this session
console.error: Region.jsm: "Error fetching region" (new AbortError("The operation was aborted. ", (void 0), 689))
console.error: Region.jsm: "Failed to fetch region" (new Error("NO_RESULT", "resource://gre/modules/Region.jsm", 343))
1599996379366	geckodriver	INFO	Listening on 127.0.0.1:56761
1599996380371	mozrunner::runner	INFO	Running command: "/usr/bin/firefox" "--marionette" "-foreground" "-no-remote" "-profile" "/tmp/rust_mozprofilewsZeRa"
console.error: SearchCache: "_readCacheFile: Error reading cache file:" (new Error("", "(unknown module)"))
JavaScript error: resource://gre/modules/TelemetryUtils.jsm, line 159: TypeError: date is undefined
1599996383643	Marionette	INFO	Listening on port 32929
1599996383684	Marionette	WARN	TLS certificate errors will be ignored for this session
1599996642747	Marionette	INFO	Stopped listening on port 32929
1599996702264	geckodriver	INFO	Listening on 127.0.0.1:37403
1599996702272	mozrunner::runner	INFO	Running command: "/usr/bin/firefox" "--marionette" "-foreground" "-no-remote" "-profile" "/tmp/rust_mozprofileYkQn2M"
console.error: SearchCache: "_readCacheFile: Error reading cache file:" (new Error("", "(unknown module)"))
JavaScript error: resource://gre/modules/TelemetryUtils.jsm, line 159: TypeError: date is undefined
1599996705981	Marionette	INFO	Listening on port 44407
1599996705991	Marionette	WARN	TLS certificate errors will be ignored for this session
console.error: Region.jsm: "Error fetching region" (new AbortError("The operation was aborted. ", (void 0), 689))
console.error: Region.jsm: "Failed to fetch region" (new Error("NO_RESULT", "resource://gre/modules/Region.jsm", 343))
1599996782508	geckodriver	INFO	Listening on 127.0.0.1:60821
1599996783512	mozrunner::runner	INFO	Running command: "/usr/bin/firefox" "--marionette" "-foreground" "-no-remote" "-profile" "/tmp/rust_mozprofile5V1J4o"
console.error: SearchCache: "_readCacheFile: Error reading cache file:" (new Error("", "(unknown module)"))
JavaScript error: resource://gre/modules/TelemetryUtils.jsm, line 159: TypeError: date is undefined
1599996786854	Marionette	INFO	Listening on port 39423
1599996786923	Marionette	WARN	TLS certificate errors will be ignored for this session
1599998046992	Marionette	INFO	Stopped listening on port 39423
1599998319140	Marionette	INFO	Stopped listening on port 33755
1599998323314	Marionette	INFO	Stopped listening on port 44407
1599998601897	geckodriver	INFO	Listening on 127.0.0.1:50323
1599998602902	mozrunner::runner	INFO	Running command: "/usr/bin/firefox" "--marionette" "-foreground" "-no-remote" "-profile" "/tmp/rust_mozprofileCNql8o"
console.error: SearchCache: "_readCacheFile: Error reading cache file:" (new Error("", "(unknown module)"))
JavaScript error: resource://gre/modules/TelemetryUtils.jsm, line 159: TypeError: date is undefined
1599998606812	Marionette	INFO	Listening on port 43241
1599998606828	Marionette	WARN	TLS certificate errors will be ignored for this session
1599998816890	Marionette	INFO	Stopped listening on port 43241
1599998950701	geckodriver	INFO	Listening on 127.0.0.1:55393
1599998950708	mozrunner::runner	INFO	Running command: "/usr/bin/firefox" "--marionette" "-foreground" "-no-remote" "-profile" "/tmp/rust_mozprofileAIiN9g"
console.error: SearchCache: "_readCacheFile: Error reading cache file:" (new Error("", "(unknown module)"))
JavaScript error: resource://gre/modules/TelemetryUtils.jsm, line 159: TypeError: date is undefined
1599998954277	Marionette	INFO	Listening on port 40241
1599998954321	Marionette	WARN	TLS certificate errors will be ignored for this session
console.error: Region.jsm: "Error fetching region" (new AbortError("The operation was aborted. ", (void 0), 689))
console.error: Region.jsm: "Failed to fetch region" (new Error("NO_RESULT", "resource://gre/modules/Region.jsm", 343))
1599999036498	geckodriver	INFO	Listening on 127.0.0.1:53083
1599999036504	mozrunner::runner	INFO	Running command: "/usr/bin/firefox" "--marionette" "-foreground" "-no-remote" "-profile" "/tmp/rust_mozprofileoWIQFr"
console.error: SearchCache: "_readCacheFile: Error reading cache file:" (new Error("", "(unknown module)"))
JavaScript error: resource://gre/modules/TelemetryUtils.jsm, line 159: TypeError: date is undefined
1599999039997	Marionette	INFO	Listening on port 42111
1599999040017	Marionette	WARN	TLS certificate errors will be ignored for this session
console.error: Region.jsm: "Error fetching region" (new AbortError("The operation was aborted. ", (void 0), 689))
console.error: Region.jsm: "Failed to fetch region" (new Error("NO_RESULT", "resource://gre/modules/Region.jsm", 343))
1599999083693	Marionette	INFO	Stopped listening on port 42111
1599999087329	Marionette	INFO	Stopped listening on port 40241
1599999155834	geckodriver	INFO	Listening on 127.0.0.1:60289
1599999155843	mozrunner::runner	INFO	Running command: "/usr/bin/firefox" "--marionette" "-foreground" "-no-remote" "-profile" "/tmp/rust_mozprofile89AgHc"
console.error: SearchCache: "_readCacheFile: Error reading cache file:" (new Error("", "(unknown module)"))
JavaScript error: resource://gre/modules/TelemetryUtils.jsm, line 159: TypeError: date is undefined
1599999159428	Marionette	INFO	Listening on port 41565
1599999159465	Marionette	WARN	TLS certificate errors will be ignored for this session
1599999164047	Marionette	INFO	Stopped listening on port 41565
1599999348290	geckodriver	INFO	Listening on 127.0.0.1:50447
1599999348296	mozrunner::runner	INFO	Running command: "/usr/bin/firefox" "--marionette" "-foreground" "-no-remote" "-profile" "/tmp/rust_mozprofileQtUJSp"
console.error: SearchCache: "_readCacheFile: Error reading cache file:" (new Error("", "(unknown module)"))
JavaScript error: resource://gre/modules/TelemetryUtils.jsm, line 159: TypeError: date is undefined
1599999351532	Marionette	INFO	Listening on port 38369
1599999351608	Marionette	WARN	TLS certificate errors will be ignored for this session
1599999420959	Marionette	INFO	Stopped listening on port 38369
1599999444932	geckodriver	INFO	Listening on 127.0.0.1:47371
1599999444939	mozrunner::runner	INFO	Running command: "/usr/bin/firefox" "--marionette" "-foreground" "-no-remote" "-profile" "/tmp/rust_mozprofileULZvwO"
console.error: SearchCache: "_readCacheFile: Error reading cache file:" (new Error("", "(unknown module)"))
JavaScript error: resource://gre/modules/TelemetryUtils.jsm, line 159: TypeError: date is undefined
1599999448862	Marionette	INFO	Listening on port 42675
1599999448957	Marionette	WARN	TLS certificate errors will be ignored for this session
1599999539084	geckodriver	INFO	Listening on 127.0.0.1:40773
1599999539090	mozrunner::runner	INFO	Running command: "/usr/bin/firefox" "--marionette" "-foreground" "-no-remote" "-profile" "/tmp/rust_mozprofileko71oK"
console.error: SearchCache: "_readCacheFile: Error reading cache file:" (new Error("", "(unknown module)"))
JavaScript error: resource://gre/modules/TelemetryUtils.jsm, line 159: TypeError: date is undefined
1599999542800	Marionette	INFO	Listening on port 44855
1599999542812	Marionette	WARN	TLS certificate errors will be ignored for this session
1599999544970	Marionette	INFO	Stopped listening on port 42675
SourceActor threw an exception: Error: Failed to fetch http://localhost:47001/login/. Code 2152398878.
Stack: onResponse@resource://devtools/shared/DevToolsUtils.js:549:16
onStopRequest@resource://gre/modules/NetUtil.jsm:128:18
Line: 549, column: 16
console.error: (new Error("Failed to fetch http://localhost:47001/login/. Code 2152398878.", "resource://devtools/shared/DevToolsUtils.js", 549))
JavaScript error: resource://devtools/shared/DevToolsUtils.js, line 549: Error: Failed to fetch http://localhost:47001/login/. Code 2152398878.
1599999697418	Marionette	INFO	Stopped listening on port 44855
1599999701202	geckodriver	INFO	Listening on 127.0.0.1:46477
1599999701209	mozrunner::runner	INFO	Running command: "/usr/bin/firefox" "--marionette" "-foreground" "-no-remote" "-profile" "/tmp/rust_mozprofileHvAZHk"
console.error: SearchCache: "_readCacheFile: Error reading cache file:" (new Error("", "(unknown module)"))
JavaScript error: resource://gre/modules/TelemetryUtils.jsm, line 159: TypeError: date is undefined
1599999704745	Marionette	INFO	Listening on port 37217
1599999704829	Marionette	WARN	TLS certificate errors will be ignored for this session
1599999724113	Marionette	INFO	Stopped listening on port 37217
1599999731403	geckodriver	INFO	Listening on 127.0.0.1:46287
1599999731410	mozrunner::runner	INFO	Running command: "/usr/bin/firefox" "--marionette" "-foreground" "-no-remote" "-profile" "/tmp/rust_mozprofileB2dYYJ"
console.error: SearchCache: "_readCacheFile: Error reading cache file:" (new Error("", "(unknown module)"))
JavaScript error: resource://gre/modules/TelemetryUtils.jsm, line 159: TypeError: date is undefined
1599999735010	Marionette	INFO	Listening on port 43515
1599999735022	Marionette	WARN	TLS certificate errors will be ignored for this session
1599999822602	geckodriver	INFO	Listening on 127.0.0.1:58917
1599999822608	mozrunner::runner	INFO	Running command: "/usr/bin/firefox" "--marionette" "-foreground" "-no-remote" "-profile" "/tmp/rust_mozprofileZkUKrE"
console.error: SearchCache: "_readCacheFile: Error reading cache file:" (new Error("", "(unknown module)"))
JavaScript error: resource://gre/modules/TelemetryUtils.jsm, line 159: TypeError: date is undefined
1599999826288	Marionette	INFO	Listening on port 40689
1599999826320	Marionette	WARN	TLS certificate errors will be ignored for this session
1599999857080	geckodriver	INFO	Listening on 127.0.0.1:48699
1599999857087	mozrunner::runner	INFO	Running command: "/usr/bin/firefox" "--marionette" "-foreground" "-no-remote" "-profile" "/tmp/rust_mozprofileiL25sl"
console.error: SearchCache: "_readCacheFile: Error reading cache file:" (new Error("", "(unknown module)"))
JavaScript error: resource://gre/modules/TelemetryUtils.jsm, line 159: TypeError: date is undefined
1599999860594	Marionette	INFO	Listening on port 38569
1599999860610	Marionette	WARN	TLS certificate errors will be ignored for this session
1599999957779	geckodriver	INFO	Listening on 127.0.0.1:58877
1599999957785	mozrunner::runner	INFO	Running command: "/usr/bin/firefox" "--marionette" "-foreground" "-no-remote" "-profile" "/tmp/rust_mozprofilekvLzcT"
console.error: SearchCache: "_readCacheFile: Error reading cache file:" (new Error("", "(unknown module)"))
JavaScript error: resource://gre/modules/TelemetryUtils.jsm, line 159: TypeError: date is undefined
1599999960961	Marionette	INFO	Listening on port 38823
1599999960999	Marionette	WARN	TLS certificate errors will be ignored for this session
1599999974670	geckodriver	INFO	Listening on 127.0.0.1:51151
1599999974677	mozrunner::runner	INFO	Running command: "/usr/bin/firefox" "--marionette" "-foreground" "-no-remote" "-profile" "/tmp/rust_mozprofileEEA5eN"
console.error: SearchCache: "_readCacheFile: Error reading cache file:" (new Error("", "(unknown module)"))
JavaScript error: resource://gre/modules/TelemetryUtils.jsm, line 159: TypeError: date is undefined
1599999977961	Marionette	INFO	Listening on port 39029
1599999977992	Marionette	WARN	TLS certificate errors will be ignored for this session
1600000021024	Marionette	INFO	Stopped listening on port 38569
1600000024705	Marionette	INFO	Stopped listening on port 40689
1600000028296	Marionette	INFO	Stopped listening on port 43515
1600000029490	Marionette	INFO	Stopped listening on port 38823
1600000030449	Marionette	INFO	Stopped listening on port 39029
1600000212240	geckodriver	INFO	Listening on 127.0.0.1:46007
1600000212247	mozrunner::runner	INFO	Running command: "/usr/bin/firefox" "--marionette" "-foreground" "-no-remote" "-profile" "/tmp/rust_mozprofileCT3B6X"
console.error: SearchCache: "_readCacheFile: Error reading cache file:" (new Error("", "(unknown module)"))
JavaScript error: resource://gre/modules/TelemetryUtils.jsm, line 159: TypeError: date is undefined
1600000216052	Marionette	INFO	Listening on port 44017
1600000216065	Marionette	WARN	TLS certificate errors will be ignored for this session
1600000292078	Marionette	INFO	Stopped listening on port 44017
1600000302677	geckodriver	INFO	Listening on 127.0.0.1:51641
1600000302683	mozrunner::runner	INFO	Running command: "/usr/bin/firefox" "--marionette" "-foreground" "-no-remote" "-profile" "/tmp/rust_mozprofilernSHJa"
console.error: SearchCache: "_readCacheFile: Error reading cache file:" (new Error("", "(unknown module)"))
JavaScript error: resource://gre/modules/TelemetryUtils.jsm, line 159: TypeError: date is undefined
1600000306829	Marionette	INFO	Listening on port 42327
1600000306897	Marionette	WARN	TLS certificate errors will be ignored for this session
1600000340590	Marionette	INFO	Stopped listening on port 42327
1600000345360	geckodriver	INFO	Listening on 127.0.0.1:36167
1600000345367	mozrunner::runner	INFO	Running command: "/usr/bin/firefox" "--marionette" "-foreground" "-no-remote" "-profile" "/tmp/rust_mozprofilei9Aj21"
console.error: SearchCache: "_readCacheFile: Error reading cache file:" (new Error("", "(unknown module)"))
JavaScript error: resource://gre/modules/TelemetryUtils.jsm, line 159: TypeError: date is undefined
1600000349090	Marionette	INFO	Listening on port 45687
1600000349194	Marionette	WARN	TLS certificate errors will be ignored for this session
1600000362218	Marionette	INFO	Stopped listening on port 45687
1600000385764	geckodriver	INFO	Listening on 127.0.0.1:34349
1600000385770	mozrunner::runner	INFO	Running command: "/usr/bin/firefox" "--marionette" "-foreground" "-no-remote" "-profile" "/tmp/rust_mozprofileMhBLxX"
console.error: SearchCache: "_readCacheFile: Error reading cache file:" (new Error("", "(unknown module)"))
JavaScript error: resource://gre/modules/TelemetryUtils.jsm, line 159: TypeError: date is undefined
1600000389208	Marionette	INFO	Listening on port 44141
1600000389298	Marionette	WARN	TLS certificate errors will be ignored for this session
1600000399260	Marionette	INFO	Stopped listening on port 44141
1600000420768	geckodriver	INFO	Listening on 127.0.0.1:35543
1600000420774	mozrunner::runner	INFO	Running command: "/usr/bin/firefox" "--marionette" "-foreground" "-no-remote" "-profile" "/tmp/rust_mozprofile4rbXw4"
console.error: SearchCache: "_readCacheFile: Error reading cache file:" (new Error("", "(unknown module)"))
JavaScript error: resource://gre/modules/TelemetryUtils.jsm, line 159: TypeError: date is undefined
1600000424325	Marionette	INFO	Listening on port 44833
1600000424390	Marionette	WARN	TLS certificate errors will be ignored for this session
1600000532550	geckodriver	INFO	Listening on 127.0.0.1:39017
1600000532558	mozrunner::runner	INFO	Running command: "/usr/bin/firefox" "--marionette" "-foreground" "-no-remote" "-profile" "/tmp/rust_mozprofileVRM98w"
console.error: SearchCache: "_readCacheFile: Error reading cache file:" (new Error("", "(unknown module)"))
JavaScript error: resource://gre/modules/TelemetryUtils.jsm, line 159: TypeError: date is undefined
1600000535753	Marionette	INFO	Listening on port 38321
1600000535769	Marionette	WARN	TLS certificate errors will be ignored for this session
1600000536575	Marionette	INFO	Stopped listening on port 44833
1600000607445	Marionette	INFO	Stopped listening on port 38321
1600000610160	geckodriver	INFO	Listening on 127.0.0.1:41213
1600000610169	mozrunner::runner	INFO	Running command: "/usr/bin/firefox" "--marionette" "-foreground" "-no-remote" "-profile" "/tmp/rust_mozprofileDPT4NP"
console.error: SearchCache: "_readCacheFile: Error reading cache file:" (new Error("", "(unknown module)"))
JavaScript error: resource://gre/modules/TelemetryUtils.jsm, line 159: TypeError: date is undefined
1600000613675	Marionette	INFO	Listening on port 34117
1600000613709	Marionette	WARN	TLS certificate errors will be ignored for this session
1600000622199	Marionette	INFO	Stopped listening on port 34117
1600000906569	geckodriver	INFO	Listening on 127.0.0.1:42745
1600000906574	mozrunner::runner	INFO	Running command: "/usr/bin/firefox" "--marionette" "-foreground" "-no-remote" "-profile" "/tmp/rust_mozprofile1On6ql"
console.error: SearchCache: "_readCacheFile: Error reading cache file:" (new Error("", "(unknown module)"))
JavaScript error: resource://gre/modules/TelemetryUtils.jsm, line 159: TypeError: date is undefined
1600000910586	Marionette	INFO	Listening on port 41369
1600000910624	Marionette	WARN	TLS certificate errors will be ignored for this session
1600001233613	geckodriver	INFO	Listening on 127.0.0.1:51347
1600001233618	mozrunner::runner	INFO	Running command: "/usr/bin/firefox" "--marionette" "-foreground" "-no-remote" "-profile" "/tmp/rust_mozprofileVx7QHC"
1600001234195	Marionette	INFO	Stopped listening on port 41369
console.error: SearchCache: "_readCacheFile: Error reading cache file:" (new Error("", "(unknown module)"))
JavaScript error: resource://gre/modules/TelemetryUtils.jsm, line 159: TypeError: date is undefined
1600001237841	Marionette	INFO	Listening on port 35091
1600001237931	Marionette	WARN	TLS certificate errors will be ignored for this session
1600001259466	geckodriver	INFO	Listening on 127.0.0.1:59917
1600001259473	mozrunner::runner	INFO	Running command: "/usr/bin/firefox" "--marionette" "-foreground" "-no-remote" "-profile" "/tmp/rust_mozprofileINrp1h"
console.error: SearchCache: "_readCacheFile: Error reading cache file:" (new Error("", "(unknown module)"))
JavaScript error: resource://gre/modules/TelemetryUtils.jsm, line 159: TypeError: date is undefined
1600001263336	Marionette	INFO	Stopped listening on port 35091
1600001263998	Marionette	INFO	Listening on port 37113
1600001264087	Marionette	WARN	TLS certificate errors will be ignored for this session
1600001849997	geckodriver	INFO	Listening on 127.0.0.1:56989
1600001850005	mozrunner::runner	INFO	Running command: "/usr/bin/firefox" "--marionette" "-foreground" "-no-remote" "-profile" "/tmp/rust_mozprofileu0pooR"
console.error: SearchCache: "_readCacheFile: Error reading cache file:" (new Error("", "(unknown module)"))
JavaScript error: resource://gre/modules/TelemetryUtils.jsm, line 159: TypeError: date is undefined
1600001853199	Marionette	INFO	Listening on port 34537
1600001853225	Marionette	WARN	TLS certificate errors will be ignored for this session
1600001854377	Marionette	INFO	Stopped listening on port 37113
1600001968854	geckodriver	INFO	Listening on 127.0.0.1:38297
1600001968861	mozrunner::runner	INFO	Running command: "/usr/bin/firefox" "--marionette" "-foreground" "-no-remote" "-profile" "/tmp/rust_mozprofileEosQ68"
console.error: SearchCache: "_readCacheFile: Error reading cache file:" (new Error("", "(unknown module)"))
JavaScript error: resource://gre/modules/TelemetryUtils.jsm, line 159: TypeError: date is undefined
1600001972329	Marionette	INFO	Listening on port 42301
1600001972376	Marionette	WARN	TLS certificate errors will be ignored for this session
1600002653963	geckodriver	INFO	Listening on 127.0.0.1:46233
1600002653969	mozrunner::runner	INFO	Running command: "/usr/bin/firefox" "--marionette" "-foreground" "-no-remote" "-profile" "/tmp/rust_mozprofileIk5gpx"
1600002655712	Marionette	INFO	Stopped listening on port 34537
console.error: SearchCache: "_readCacheFile: Error reading cache file:" (new Error("", "(unknown module)"))
JavaScript error: resource://gre/modules/TelemetryUtils.jsm, line 159: TypeError: date is undefined
1600002657995	Marionette	INFO	Stopped listening on port 42301
1600002658148	Marionette	INFO	Listening on port 44937
1600002658191	Marionette	WARN	TLS certificate errors will be ignored for this session
1600002689764	geckodriver	INFO	Listening on 127.0.0.1:32975
1600002689770	mozrunner::runner	INFO	Running command: "/usr/bin/firefox" "--marionette" "-foreground" "-no-remote" "-profile" "/tmp/rust_mozprofilesc2j3V"
console.error: SearchCache: "_readCacheFile: Error reading cache file:" (new Error("", "(unknown module)"))
JavaScript error: resource://gre/modules/TelemetryUtils.jsm, line 159: TypeError: date is undefined
1600002693464	Marionette	INFO	Listening on port 34227
1600002693486	Marionette	WARN	TLS certificate errors will be ignored for this session
1600002902522	geckodriver	INFO	Listening on 127.0.0.1:50893
1600002902529	mozrunner::runner	INFO	Running command: "/usr/bin/firefox" "--marionette" "-foreground" "-no-remote" "-profile" "/tmp/rust_mozprofilefWfeiy"
1600002904868	Marionette	INFO	Stopped listening on port 44937
console.error: SearchCache: "_readCacheFile: Error reading cache file:" (new Error("", "(unknown module)"))
JavaScript error: resource://gre/modules/TelemetryUtils.jsm, line 159: TypeError: date is undefined
1600002906205	Marionette	INFO	Stopped listening on port 34227
1600002906702	Marionette	INFO	Listening on port 38343
1600002906748	Marionette	WARN	TLS certificate errors will be ignored for this session
1600002959560	geckodriver	INFO	Listening on 127.0.0.1:34837
1600002959566	mozrunner::runner	INFO	Running command: "/usr/bin/firefox" "--marionette" "-foreground" "-no-remote" "-profile" "/tmp/rust_mozprofilem5MByx"
console.error: SearchCache: "_readCacheFile: Error reading cache file:" (new Error("", "(unknown module)"))
JavaScript error: resource://gre/modules/TelemetryUtils.jsm, line 159: TypeError: date is undefined
1600002963225	Marionette	INFO	Listening on port 45181
1600002963299	Marionette	WARN	TLS certificate errors will be ignored for this session
1600003043712	Marionette	INFO	Stopped listening on port 45181
1600003050485	Marionette	INFO	Stopped listening on port 38343
1600003070185	geckodriver	INFO	Listening on 127.0.0.1:54229
1600003070191	mozrunner::runner	INFO	Running command: "/usr/bin/firefox" "--marionette" "-foreground" "-no-remote" "-profile" "/tmp/rust_mozprofileF7C1uF"
console.error: SearchCache: "_readCacheFile: Error reading cache file:" (new Error("", "(unknown module)"))
JavaScript error: resource://gre/modules/TelemetryUtils.jsm, line 159: TypeError: date is undefined
1600003074386	Marionette	INFO	Listening on port 35779
1600003074514	Marionette	WARN	TLS certificate errors will be ignored for this session
1600003081108	Marionette	INFO	Stopped listening on port 35779
1600003404691	geckodriver	INFO	Listening on 127.0.0.1:46387
1600003404698	mozrunner::runner	INFO	Running command: "/usr/bin/firefox" "--marionette" "-foreground" "-no-remote" "-profile" "/tmp/rust_mozprofileIvhelC"
console.error: SearchCache: "_readCacheFile: Error reading cache file:" (new Error("", "(unknown module)"))
JavaScript error: resource://gre/modules/TelemetryUtils.jsm, line 159: TypeError: date is undefined
1600003408457	Marionette	INFO	Listening on port 45477
1600003408520	Marionette	WARN	TLS certificate errors will be ignored for this session
1600003487161	geckodriver	INFO	Listening on 127.0.0.1:49433
1600003487168	mozrunner::runner	INFO	Running command: "/usr/bin/firefox" "--marionette" "-foreground" "-no-remote" "-profile" "/tmp/rust_mozprofilePC0Om9"
1600003488160	Marionette	INFO	Stopped listening on port 45477
console.error: SearchCache: "_readCacheFile: Error reading cache file:" (new Error("", "(unknown module)"))
JavaScript error: resource://gre/modules/TelemetryUtils.jsm, line 159: TypeError: date is undefined
1600003491045	Marionette	INFO	Listening on port 33915
1600003491094	Marionette	WARN	TLS certificate errors will be ignored for this session
1600003553541	geckodriver	INFO	Listening on 127.0.0.1:60915
1600003553546	mozrunner::runner	INFO	Running command: "/usr/bin/firefox" "--marionette" "-foreground" "-no-remote" "-profile" "/tmp/rust_mozprofilec9XfxE"
console.error: SearchCache: "_readCacheFile: Error reading cache file:" (new Error("", "(unknown module)"))
JavaScript error: resource://gre/modules/TelemetryUtils.jsm, line 159: TypeError: date is undefined
1600003557238	Marionette	INFO	Listening on port 34513
1600003557269	Marionette	WARN	TLS certificate errors will be ignored for this session
1600003825953	geckodriver	INFO	Listening on 127.0.0.1:34011
1600003825959	mozrunner::runner	INFO	Running command: "/usr/bin/firefox" "--marionette" "-foreground" "-no-remote" "-profile" "/tmp/rust_mozprofilezt7RPG"
1600003827529	Marionette	INFO	Stopped listening on port 33915
console.error: SearchCache: "_readCacheFile: Error reading cache file:" (new Error("", "(unknown module)"))
JavaScript error: resource://gre/modules/TelemetryUtils.jsm, line 159: TypeError: date is undefined
1600003829752	Marionette	INFO	Listening on port 39619
1600003829818	Marionette	WARN	TLS certificate errors will be ignored for this session
1600003829869	Marionette	INFO	Stopped listening on port 34513
1600003849873	geckodriver	INFO	Listening on 127.0.0.1:59209
1600003849879	mozrunner::runner	INFO	Running command: "/usr/bin/firefox" "--marionette" "-foreground" "-no-remote" "-profile" "/tmp/rust_mozprofile2O4Qtj"
JavaScript error: resource://gre/modules/UrlClassifierListManager.jsm, line 691: TypeError: this.tablesData[table] is undefined
1600003851080	Marionette	INFO	Stopped listening on port 39619
console.error: SearchCache: "_readCacheFile: Error reading cache file:" (new Error("", "(unknown module)"))
JavaScript error: resource://gre/modules/TelemetryUtils.jsm, line 159: TypeError: date is undefined
1600003853311	Marionette	INFO	Listening on port 40177
1600003853393	Marionette	WARN	TLS certificate errors will be ignored for this session
1600003881202	geckodriver	INFO	Listening on 127.0.0.1:45049
1600003881210	mozrunner::runner	INFO	Running command: "/usr/bin/firefox" "--marionette" "-foreground" "-no-remote" "-profile" "/tmp/rust_mozprofilerTBJRx"
console.error: SearchCache: "_readCacheFile: Error reading cache file:" (new Error("", "(unknown module)"))
JavaScript error: resource://gre/modules/TelemetryUtils.jsm, line 159: TypeError: date is undefined
JavaScript error: resource://gre/modules/URIFixup.jsm, line 271: NS_ERROR_FAILURE: Should pass a non-null uri
1600003884558	Marionette	INFO	Listening on port 34697
1600003884631	Marionette	WARN	TLS certificate errors will be ignored for this session
1600003969556	Marionette	INFO	Stopped listening on port 34697
1600003983986	Marionette	INFO	Stopped listening on port 40177
1600003986314	geckodriver	INFO	Listening on 127.0.0.1:32843
1600003986320	mozrunner::runner	INFO	Running command: "/usr/bin/firefox" "--marionette" "-foreground" "-no-remote" "-profile" "/tmp/rust_mozprofilel833iJ"
console.error: SearchCache: "_readCacheFile: Error reading cache file:" (new Error("", "(unknown module)"))
JavaScript error: resource://gre/modules/TelemetryUtils.jsm, line 159: TypeError: date is undefined
1600003990012	Marionette	INFO	Listening on port 38469
1600003990044	Marionette	WARN	TLS certificate errors will be ignored for this session
1600004127083	geckodriver	INFO	Listening on 127.0.0.1:36551
1600004127090	mozrunner::runner	INFO	Running command: "/usr/bin/firefox" "--marionette" "-foreground" "-no-remote" "-profile" "/tmp/rust_mozprofileN13RWg"
console.error: SearchCache: "_readCacheFile: Error reading cache file:" (new Error("", "(unknown module)"))
JavaScript error: resource://gre/modules/TelemetryUtils.jsm, line 159: TypeError: date is undefined
1600004130670	Marionette	INFO	Listening on port 46859
1600004130704	Marionette	WARN	TLS certificate errors will be ignored for this session
console.error: Region.jsm: "Error fetching region" (new AbortError("The operation was aborted. ", (void 0), 689))
console.error: Region.jsm: "Failed to fetch region" (new Error("NO_RESULT", "resource://gre/modules/Region.jsm", 343))
1600004410898	geckodriver	INFO	Listening on 127.0.0.1:59741
1600004410904	mozrunner::runner	INFO	Running command: "/usr/bin/firefox" "--marionette" "-foreground" "-no-remote" "-profile" "/tmp/rust_mozprofileajtCzv"
console.error: SearchCache: "_readCacheFile: Error reading cache file:" (new Error("", "(unknown module)"))
JavaScript error: resource://gre/modules/TelemetryUtils.jsm, line 159: TypeError: date is undefined
1600004413817	Marionette	INFO	Listening on port 37329
1600004413913	Marionette	WARN	TLS certificate errors will be ignored for this session
1600004415720	Marionette	INFO	Stopped listening on port 38469
1600004417004	Marionette	INFO	Stopped listening on port 46859
1600004425384	Marionette	INFO	Stopped listening on port 37329
1600004440370	geckodriver	INFO	Listening on 127.0.0.1:41649
1600004440377	mozrunner::runner	INFO	Running command: "/usr/bin/firefox" "--marionette" "-foreground" "-no-remote" "-profile" "/tmp/rust_mozprofileRbCmfD"
console.error: SearchCache: "_readCacheFile: Error reading cache file:" (new Error("", "(unknown module)"))
JavaScript error: resource://gre/modules/TelemetryUtils.jsm, line 159: TypeError: date is undefined
1600004443340	Marionette	INFO	Listening on port 40803
1600004443387	Marionette	WARN	TLS certificate errors will be ignored for this session
1600004638657	geckodriver	INFO	Listening on 127.0.0.1:35655
1600004638665	mozrunner::runner	INFO	Running command: "/usr/bin/firefox" "--marionette" "-foreground" "-no-remote" "-profile" "/tmp/rust_mozprofilek90LE8"
1600004640120	Marionette	INFO	Stopped listening on port 40803
console.error: SearchCache: "_readCacheFile: Error reading cache file:" (new Error("", "(unknown module)"))
JavaScript error: resource://gre/modules/TelemetryUtils.jsm, line 159: TypeError: date is undefined
1600004641722	Marionette	INFO	Listening on port 36779
1600004641778	Marionette	WARN	TLS certificate errors will be ignored for this session
console.error: Region.jsm: "Error fetching region" (new AbortError("The operation was aborted. ", (void 0), 689))
console.error: Region.jsm: "Failed to fetch region" (new Error("NO_RESULT", "resource://gre/modules/Region.jsm", 343))
1600004680777	geckodriver	INFO	Listening on 127.0.0.1:37327
1600004680785	mozrunner::runner	INFO	Running command: "/usr/bin/firefox" "--marionette" "-foreground" "-no-remote" "-profile" "/tmp/rust_mozprofilexZmm14"
console.error: SearchCache: "_readCacheFile: Error reading cache file:" (new Error("", "(unknown module)"))
JavaScript error: resource://gre/modules/TelemetryUtils.jsm, line 159: TypeError: date is undefined
1600004683744	Marionette	INFO	Listening on port 41189
1600004683796	Marionette	WARN	TLS certificate errors will be ignored for this session
1600004686346	Marionette	INFO	Stopped listening on port 36779
console.error: Region.jsm: "Error fetching region" (new AbortError("The operation was aborted. ", (void 0), 689))
console.error: Region.jsm: "Failed to fetch region" (new Error("NO_RESULT", "resource://gre/modules/Region.jsm", 343))
1600004825114	Marionette	INFO	Stopped listening on port 41189
1600004840746	geckodriver	INFO	Listening on 127.0.0.1:38165
1600004840753	mozrunner::runner	INFO	Running command: "/usr/bin/firefox" "--marionette" "-foreground" "-no-remote" "-profile" "/tmp/rust_mozprofileS47sK8"
console.error: SearchCache: "_readCacheFile: Error reading cache file:" (new Error("", "(unknown module)"))
JavaScript error: resource://gre/modules/TelemetryUtils.jsm, line 159: TypeError: date is undefined
1600004845038	Marionette	INFO	Listening on port 42073
1600004845072	Marionette	WARN	TLS certificate errors will be ignored for this session
1600005023584	Marionette	INFO	Stopped listening on port 42073
1600005026152	geckodriver	INFO	Listening on 127.0.0.1:52951
1600005026161	mozrunner::runner	INFO	Running command: "/usr/bin/firefox" "--marionette" "-foreground" "-no-remote" "-profile" "/tmp/rust_mozprofileoBgyjt"
console.error: SearchCache: "_readCacheFile: Error reading cache file:" (new Error("", "(unknown module)"))
JavaScript error: resource://gre/modules/TelemetryUtils.jsm, line 159: TypeError: date is undefined
1600005029923	Marionette	INFO	Listening on port 40777
1600005029972	Marionette	WARN	TLS certificate errors will be ignored for this session
1600005060264	Marionette	INFO	Stopped listening on port 40777
1600005334428	geckodriver	INFO	Listening on 127.0.0.1:43329
1600005335438	mozrunner::runner	INFO	Running command: "/usr/bin/firefox" "--marionette" "-foreground" "-no-remote" "-profile" "/tmp/rust_mozprofileijyZ5s"
console.error: SearchCache: "_readCacheFile: Error reading cache file:" (new Error("", "(unknown module)"))
JavaScript error: resource://gre/modules/TelemetryUtils.jsm, line 159: TypeError: date is undefined
1600005338776	Marionette	INFO	Listening on port 46077
1600005338855	Marionette	WARN	TLS certificate errors will be ignored for this session
1600005430577	geckodriver	INFO	Listening on 127.0.0.1:55685
1600005430584	mozrunner::runner	INFO	Running command: "/usr/bin/firefox" "--marionette" "-foreground" "-no-remote" "-profile" "/tmp/rust_mozprofilegtRPAb"
1600005431536	Marionette	INFO	Stopped listening on port 46077
console.error: SearchCache: "_readCacheFile: Error reading cache file:" (new Error("", "(unknown module)"))
JavaScript error: resource://gre/modules/TelemetryUtils.jsm, line 159: TypeError: date is undefined
1600005434040	Marionette	INFO	Listening on port 46815
1600005434097	Marionette	WARN	TLS certificate errors will be ignored for this session
1600005444161	Marionette	INFO	Stopped listening on port 46815
1600005454991	geckodriver	INFO	Listening on 127.0.0.1:57577
1600005454999	mozrunner::runner	INFO	Running command: "/usr/bin/firefox" "--marionette" "-foreground" "-no-remote" "-profile" "/tmp/rust_mozprofilefFVqmM"
console.error: SearchCache: "_readCacheFile: Error reading cache file:" (new Error("", "(unknown module)"))
JavaScript error: resource://gre/modules/TelemetryUtils.jsm, line 159: TypeError: date is undefined
1600005458404	Marionette	INFO	Listening on port 36505
1600005458414	Marionette	WARN	TLS certificate errors will be ignored for this session
1600006080869	geckodriver	INFO	Listening on 127.0.0.1:45297
1600006080878	mozrunner::runner	INFO	Running command: "/usr/bin/firefox" "--marionette" "-foreground" "-no-remote" "-profile" "/tmp/rust_mozprofilelPq8PG"
console.error: SearchCache: "_readCacheFile: Error reading cache file:" (new Error("", "(unknown module)"))
JavaScript error: resource://gre/modules/TelemetryUtils.jsm, line 159: TypeError: date is undefined
1600006084635	Marionette	INFO	Listening on port 39687
1600006084693	Marionette	WARN	TLS certificate errors will be ignored for this session
1600006107820	geckodriver	INFO	Listening on 127.0.0.1:55781
1600006107827	mozrunner::runner	INFO	Running command: "/usr/bin/firefox" "--marionette" "-foreground" "-no-remote" "-profile" "/tmp/rust_mozprofile1mtuxN"
console.error: SearchCache: "_readCacheFile: Error reading cache file:" (new Error("", "(unknown module)"))
JavaScript error: resource://gre/modules/TelemetryUtils.jsm, line 159: TypeError: date is undefined
1600006110984	Marionette	INFO	Listening on port 42979
1600006111041	Marionette	WARN	TLS certificate errors will be ignored for this session
console.error: Region.jsm: "Error fetching region" (new AbortError("The operation was aborted. ", (void 0), 689))
console.error: Region.jsm: "Failed to fetch region" (new Error("NO_RESULT", "resource://gre/modules/Region.jsm", 343))
1600006139409	geckodriver	INFO	Listening on 127.0.0.1:41801
1600006139417	mozrunner::runner	INFO	Running command: "/usr/bin/firefox" "--marionette" "-foreground" "-no-remote" "-profile" "/tmp/rust_mozprofileWrgGnj"
1600006141238	Marionette	INFO	Stopped listening on port 36505
console.error: SearchCache: "_readCacheFile: Error reading cache file:" (new Error("", "(unknown module)"))
JavaScript error: resource://gre/modules/TelemetryUtils.jsm, line 159: TypeError: date is undefined
1600006142983	Marionette	INFO	Listening on port 40437
1600006143032	Marionette	WARN	TLS certificate errors will be ignored for this session
1600006143173	Marionette	INFO	Stopped listening on port 39687
1600006144757	Marionette	INFO	Stopped listening on port 42979
console.error: Region.jsm: "Error fetching region" (new AbortError("The operation was aborted. ", (void 0), 689))
console.error: Region.jsm: "Failed to fetch region" (new Error("NO_RESULT", "resource://gre/modules/Region.jsm", 343))
1600006188721	Marionette	INFO	Stopped listening on port 40437
1600006201558	geckodriver	INFO	Listening on 127.0.0.1:49131
1600006201564	mozrunner::runner	INFO	Running command: "/usr/bin/firefox" "--marionette" "-foreground" "-no-remote" "-profile" "/tmp/rust_mozprofile7rmczu"
console.error: SearchCache: "_readCacheFile: Error reading cache file:" (new Error("", "(unknown module)"))
JavaScript error: resource://gre/modules/TelemetryUtils.jsm, line 159: TypeError: date is undefined
1600006204926	Marionette	INFO	Listening on port 35325
1600006204977	Marionette	WARN	TLS certificate errors will be ignored for this session
console.error: Region.jsm: "Error fetching region" (new AbortError("The operation was aborted. ", (void 0), 689))
console.error: Region.jsm: "Failed to fetch region" (new Error("NO_RESULT", "resource://gre/modules/Region.jsm", 343))
console.error: services.settings: 
  main/messaging-experiments Signature failed  TypeError: NetworkError when attempting to fetch resource.
console.error: services.settings: 
  main/partitioning-exempt-urls Signature failed  TypeError: NetworkError when attempting to fetch resource.
console.error: services.settings: 
  main/message-groups Signature failed  TypeError: NetworkError when attempting to fetch resource.
1600006218583	Marionette	INFO	Stopped listening on port 35325
1600006224590	geckodriver	INFO	Listening on 127.0.0.1:35501
1600006224597	mozrunner::runner	INFO	Running command: "/usr/bin/firefox" "--marionette" "-foreground" "-no-remote" "-profile" "/tmp/rust_mozprofilevvznRX"
console.error: SearchCache: "_readCacheFile: Error reading cache file:" (new Error("", "(unknown module)"))
JavaScript error: resource://gre/modules/TelemetryUtils.jsm, line 159: TypeError: date is undefined
1600006227960	Marionette	INFO	Listening on port 46251
1600006228011	Marionette	WARN	TLS certificate errors will be ignored for this session
1600006311009	Marionette	INFO	Stopped listening on port 46251
1600006320217	geckodriver	INFO	Listening on 127.0.0.1:54959
1600006320223	mozrunner::runner	INFO	Running command: "/usr/bin/firefox" "--marionette" "-foreground" "-no-remote" "-profile" "/tmp/rust_mozprofile2CU5Qj"
console.error: SearchCache: "_readCacheFile: Error reading cache file:" (new Error("", "(unknown module)"))
JavaScript error: resource://gre/modules/TelemetryUtils.jsm, line 159: TypeError: date is undefined
1600006323619	Marionette	INFO	Listening on port 34253
1600006323642	Marionette	WARN	TLS certificate errors will be ignored for this session
